{
  "organization" : "scalatest",
  "repository" : "scalatest",
  "creationDate" : 1405265557891,
  "githubStatus" : {
    "Ok" : {
      "updateDate" : 1644300803890
    }
  },
  "githubInfo" : {
    "homepage" : null,
    "description" : "A testing tool for Scala and Java developers",
    "logo" : "https://avatars.githubusercontent.com/u/2027722?v=4",
    "stars" : 1002,
    "forks" : 315,
    "watchers" : 56,
    "issues" : 500,
    "creationDate" : 1365371749000,
    "readme" : "<div id=\"readme\" class=\"md\" data-path=\"README.md\"><article class=\"markdown-body entry-content container-lg\" itemprop=\"text\"><h1 dir=\"auto\"><a id=\"user-content-scalatest\" class=\"anchor\" aria-hidden=\"true\" href=\"#scalatest\"><svg class=\"octicon octicon-link\" viewBox=\"0 0 16 16\" version=\"1.1\" width=\"16\" height=\"16\" aria-hidden=\"true\"><path fill-rule=\"evenodd\" d=\"M7.775 3.275a.75.75 0 001.06 1.06l1.25-1.25a2 2 0 112.83 2.83l-2.5 2.5a2 2 0 01-2.83 0 .75.75 0 00-1.06 1.06 3.5 3.5 0 004.95 0l2.5-2.5a3.5 3.5 0 00-4.95-4.95l-1.25 1.25zm-4.69 9.64a2 2 0 010-2.83l2.5-2.5a2 2 0 012.83 0 .75.75 0 001.06-1.06 3.5 3.5 0 00-4.95 0l-2.5 2.5a3.5 3.5 0 004.95 4.95l1.25-1.25a.75.75 0 00-1.06-1.06l-1.25 1.25a2 2 0 01-2.83 0z\"></path></svg></a>ScalaTest</h1>\n<p dir=\"auto\"><a href=\"https://travis-ci.org/scalatest/scalatest\" rel=\"nofollow\"><img src=\"https://camo.githubusercontent.com/ebe0e4a3e4d9273467437cc14eec5cc771fc964ee8819ba18fd83e69728d5328/68747470733a2f2f7472617669732d63692e6f72672f7363616c61746573742f7363616c61746573742e706e673f6272616e63683d332e312e78\" alt=\"Build Status\" data-canonical-src=\"https://travis-ci.org/scalatest/scalatest.png?branch=3.1.x\" style=\"max-width: 100%;\"></a></p>\n<p dir=\"auto\">ScalaTest is a free, open-source testing toolkit for Scala and\nJava programmers.</p>\n<p dir=\"auto\">Official Website: <a href=\"http://www.scalatest.org/\" rel=\"nofollow\">http://www.scalatest.org/</a></p>\n<h2 dir=\"auto\"><a id=\"user-content-using-scalatest\" class=\"anchor\" aria-hidden=\"true\" href=\"#using-scalatest\"><svg class=\"octicon octicon-link\" viewBox=\"0 0 16 16\" version=\"1.1\" width=\"16\" height=\"16\" aria-hidden=\"true\"><path fill-rule=\"evenodd\" d=\"M7.775 3.275a.75.75 0 001.06 1.06l1.25-1.25a2 2 0 112.83 2.83l-2.5 2.5a2 2 0 01-2.83 0 .75.75 0 00-1.06 1.06 3.5 3.5 0 004.95 0l2.5-2.5a3.5 3.5 0 00-4.95-4.95l-1.25 1.25zm-4.69 9.64a2 2 0 010-2.83l2.5-2.5a2 2 0 012.83 0 .75.75 0 001.06-1.06 3.5 3.5 0 00-4.95 0l-2.5 2.5a3.5 3.5 0 004.95 4.95l1.25-1.25a.75.75 0 00-1.06-1.06l-1.25 1.25a2 2 0 01-2.83 0z\"></path></svg></a>Using ScalaTest</h2>\n<h3 dir=\"auto\"><a id=\"user-content-setup\" class=\"anchor\" aria-hidden=\"true\" href=\"#setup\"><svg class=\"octicon octicon-link\" viewBox=\"0 0 16 16\" version=\"1.1\" width=\"16\" height=\"16\" aria-hidden=\"true\"><path fill-rule=\"evenodd\" d=\"M7.775 3.275a.75.75 0 001.06 1.06l1.25-1.25a2 2 0 112.83 2.83l-2.5 2.5a2 2 0 01-2.83 0 .75.75 0 00-1.06 1.06 3.5 3.5 0 004.95 0l2.5-2.5a3.5 3.5 0 00-4.95-4.95l-1.25 1.25zm-4.69 9.64a2 2 0 010-2.83l2.5-2.5a2 2 0 012.83 0 .75.75 0 001.06-1.06 3.5 3.5 0 00-4.95 0l-2.5 2.5a3.5 3.5 0 004.95 4.95l1.25-1.25a.75.75 0 00-1.06-1.06l-1.25 1.25a2 2 0 01-2.83 0z\"></path></svg></a>Setup</h3>\n<p dir=\"auto\">Please visit <a href=\"https://www.scala-sbt.org/1.x/docs/Setup.html\" rel=\"nofollow\">Download and Setup</a> for download and setup instructions.</p>\n<h3 dir=\"auto\"><a id=\"user-content-quick-start\" class=\"anchor\" aria-hidden=\"true\" href=\"#quick-start\"><svg class=\"octicon octicon-link\" viewBox=\"0 0 16 16\" version=\"1.1\" width=\"16\" height=\"16\" aria-hidden=\"true\"><path fill-rule=\"evenodd\" d=\"M7.775 3.275a.75.75 0 001.06 1.06l1.25-1.25a2 2 0 112.83 2.83l-2.5 2.5a2 2 0 01-2.83 0 .75.75 0 00-1.06 1.06 3.5 3.5 0 004.95 0l2.5-2.5a3.5 3.5 0 00-4.95-4.95l-1.25 1.25zm-4.69 9.64a2 2 0 010-2.83l2.5-2.5a2 2 0 012.83 0 .75.75 0 001.06-1.06 3.5 3.5 0 00-4.95 0l-2.5 2.5a3.5 3.5 0 004.95 4.95l1.25-1.25a.75.75 0 00-1.06-1.06l-1.25 1.25a2 2 0 01-2.83 0z\"></path></svg></a>Quick Start</h3>\n<p dir=\"auto\">Please visit <a href=\"http://www.scalatest.org/quick_start\" rel=\"nofollow\">Quick Start</a> for steps to get started quickly.</p>\n<h2 dir=\"auto\"><a id=\"user-content-building-scalatest\" class=\"anchor\" aria-hidden=\"true\" href=\"#building-scalatest\"><svg class=\"octicon octicon-link\" viewBox=\"0 0 16 16\" version=\"1.1\" width=\"16\" height=\"16\" aria-hidden=\"true\"><path fill-rule=\"evenodd\" d=\"M7.775 3.275a.75.75 0 001.06 1.06l1.25-1.25a2 2 0 112.83 2.83l-2.5 2.5a2 2 0 01-2.83 0 .75.75 0 00-1.06 1.06 3.5 3.5 0 004.95 0l2.5-2.5a3.5 3.5 0 00-4.95-4.95l-1.25 1.25zm-4.69 9.64a2 2 0 010-2.83l2.5-2.5a2 2 0 012.83 0 .75.75 0 001.06-1.06 3.5 3.5 0 00-4.95 0l-2.5 2.5a3.5 3.5 0 004.95 4.95l1.25-1.25a.75.75 0 00-1.06-1.06l-1.25 1.25a2 2 0 01-2.83 0z\"></path></svg></a>Building ScalaTest</h2>\n<h3 dir=\"auto\"><a id=\"user-content-pre-requisites\" class=\"anchor\" aria-hidden=\"true\" href=\"#pre-requisites\"><svg class=\"octicon octicon-link\" viewBox=\"0 0 16 16\" version=\"1.1\" width=\"16\" height=\"16\" aria-hidden=\"true\"><path fill-rule=\"evenodd\" d=\"M7.775 3.275a.75.75 0 001.06 1.06l1.25-1.25a2 2 0 112.83 2.83l-2.5 2.5a2 2 0 01-2.83 0 .75.75 0 00-1.06 1.06 3.5 3.5 0 004.95 0l2.5-2.5a3.5 3.5 0 00-4.95-4.95l-1.25 1.25zm-4.69 9.64a2 2 0 010-2.83l2.5-2.5a2 2 0 012.83 0 .75.75 0 001.06-1.06 3.5 3.5 0 00-4.95 0l-2.5 2.5a3.5 3.5 0 004.95 4.95l1.25-1.25a.75.75 0 00-1.06-1.06l-1.25 1.25a2 2 0 01-2.83 0z\"></path></svg></a>Pre-Requisites</h3>\n<p dir=\"auto\">The followings are needed for building ScalaTest:</p>\n<ul dir=\"auto\">\n<li>JDK 8</li>\n<li><a href=\"https://www.scala-sbt.org/1.x/docs/Setup.html\" rel=\"nofollow\">SBT 1.3.13</a></li>\n</ul>\n<p dir=\"auto\">use the following SBT options instead:</p>\n<div class=\"snippet-clipboard-content position-relative overflow-auto\" data-snippet-clipboard-copy-content=\"SBT_OPTS=&quot;-Xms512M -Xmx3000M -Xss1M -XX:NewRatio=8&quot;\"><pre><code>SBT_OPTS=\"-Xms512M -Xmx3000M -Xss1M -XX:NewRatio=8\"\n</code></pre></div>\n<h3 dir=\"auto\"><a id=\"user-content-building-and-running-tests\" class=\"anchor\" aria-hidden=\"true\" href=\"#building-and-running-tests\"><svg class=\"octicon octicon-link\" viewBox=\"0 0 16 16\" version=\"1.1\" width=\"16\" height=\"16\" aria-hidden=\"true\"><path fill-rule=\"evenodd\" d=\"M7.775 3.275a.75.75 0 001.06 1.06l1.25-1.25a2 2 0 112.83 2.83l-2.5 2.5a2 2 0 01-2.83 0 .75.75 0 00-1.06 1.06 3.5 3.5 0 004.95 0l2.5-2.5a3.5 3.5 0 00-4.95-4.95l-1.25 1.25zm-4.69 9.64a2 2 0 010-2.83l2.5-2.5a2 2 0 012.83 0 .75.75 0 001.06-1.06 3.5 3.5 0 00-4.95 0l-2.5 2.5a3.5 3.5 0 004.95 4.95l1.25-1.25a.75.75 0 00-1.06-1.06l-1.25 1.25a2 2 0 01-2.83 0z\"></path></svg></a>Building and Running Tests</h3>\n<p dir=\"auto\">This command will build and run the regular tests:</p>\n<p dir=\"auto\"><code>$ sbt test</code></p>\n<p dir=\"auto\">To include flicker tests, you'll need to set environment variable SCALATEST_RUN_FLICKER_TESTS=true:</p>\n<div class=\"snippet-clipboard-content position-relative overflow-auto\" data-snippet-clipboard-copy-content=\"&gt; export SCALATEST_RUN_FLICKER_TESTS=true\n&gt; sbt test\"><pre><code>&gt; export SCALATEST_RUN_FLICKER_TESTS=true\n&gt; sbt test\n</code></pre></div>\n<p dir=\"auto\">To run generated all tests, you'll need to increase maximum heap size to at least -Xmx5000M, and use this command instead:</p>\n<div class=\"snippet-clipboard-content position-relative overflow-auto\" data-snippet-clipboard-copy-content=\"$ rm -rf gentests\n$ sbt gentests/test\"><pre><code>$ rm -rf gentests\n$ sbt gentests/test\n</code></pre></div>\n<p dir=\"auto\">You can also run different groups generated tests separately:</p>\n<div class=\"snippet-clipboard-content position-relative overflow-auto\" data-snippet-clipboard-copy-content=\"$ rm -rf gentests\n$ sbt genMustMatchersTests1/test\n$ sbt genMustMatchersTests2/test\n$ sbt genMustMatchersTests3/test\n$ sbt genMustMatchersTests4/test\n$ sbt genGenTests/test\n$ sbt genTablesTests/test\n$ sbt genInspectorsTests/test\n$ sbt genInspectorsShorthandsTests1/test\n$ sbt genInspectorsShorthandsTests2/test\n$ sbt genTheyTests/test\n$ sbt genContainTests1/test\n$ sbt genContainTests2/test\n$ sbt genSortedTests/test\n$ sbt genLoneElementTests/test\n$ sbt genEmptyTests/test\"><pre><code>$ rm -rf gentests\n$ sbt genMustMatchersTests1/test\n$ sbt genMustMatchersTests2/test\n$ sbt genMustMatchersTests3/test\n$ sbt genMustMatchersTests4/test\n$ sbt genGenTests/test\n$ sbt genTablesTests/test\n$ sbt genInspectorsTests/test\n$ sbt genInspectorsShorthandsTests1/test\n$ sbt genInspectorsShorthandsTests2/test\n$ sbt genTheyTests/test\n$ sbt genContainTests1/test\n$ sbt genContainTests2/test\n$ sbt genSortedTests/test\n$ sbt genLoneElementTests/test\n$ sbt genEmptyTests/test\n</code></pre></div>\n<p dir=\"auto\">What it does is simply switch to gentests project and run test.</p>\n<p dir=\"auto\">To run scala-js tests:</p>\n<div class=\"snippet-clipboard-content position-relative overflow-auto\" data-snippet-clipboard-copy-content=\"$ sbt scalatestAppJS/clean\n$ sbt scalacticTestJS/test:compile\n$ sbt scalacticTestJS/test\n$ sbt scalatestTestJS/test:compile\n$ sbt scalatestTestJS/test\"><pre><code>$ sbt scalatestAppJS/clean\n$ sbt scalacticTestJS/test:compile\n$ sbt scalacticTestJS/test\n$ sbt scalatestTestJS/test:compile\n$ sbt scalatestTestJS/test\n</code></pre></div>\n<p dir=\"auto\">To run scala-native tests:</p>\n<div class=\"snippet-clipboard-content position-relative overflow-auto\" data-snippet-clipboard-copy-content=\"$ sbt -Dscalatest.skip.jdk.check=true ++2.11.12 scalatestAppNative/clean\n$ sbt -Dscalatest.skip.jdk.check=true ++2.11.12 scalacticTestNative/test:compile\n$ sbt -Dscalatest.skip.jdk.check=true ++2.11.12 scalacticTestNative/test\n$ sbt -Dscalatest.skip.jdk.check=true ++2.11.12 scalatestTestNative/test:compile\n$ sbt -Dscalatest.skip.jdk.check=true ++2.11.12 scalatestTestNative/test\"><pre><code>$ sbt -Dscalatest.skip.jdk.check=true ++2.11.12 scalatestAppNative/clean\n$ sbt -Dscalatest.skip.jdk.check=true ++2.11.12 scalacticTestNative/test:compile\n$ sbt -Dscalatest.skip.jdk.check=true ++2.11.12 scalacticTestNative/test\n$ sbt -Dscalatest.skip.jdk.check=true ++2.11.12 scalatestTestNative/test:compile\n$ sbt -Dscalatest.skip.jdk.check=true ++2.11.12 scalatestTestNative/test\n</code></pre></div>\n<h3 dir=\"auto\"><a id=\"user-content-building-examples\" class=\"anchor\" aria-hidden=\"true\" href=\"#building-examples\"><svg class=\"octicon octicon-link\" viewBox=\"0 0 16 16\" version=\"1.1\" width=\"16\" height=\"16\" aria-hidden=\"true\"><path fill-rule=\"evenodd\" d=\"M7.775 3.275a.75.75 0 001.06 1.06l1.25-1.25a2 2 0 112.83 2.83l-2.5 2.5a2 2 0 01-2.83 0 .75.75 0 00-1.06 1.06 3.5 3.5 0 004.95 0l2.5-2.5a3.5 3.5 0 00-4.95-4.95l-1.25 1.25zm-4.69 9.64a2 2 0 010-2.83l2.5-2.5a2 2 0 012.83 0 .75.75 0 001.06-1.06 3.5 3.5 0 00-4.95 0l-2.5 2.5a3.5 3.5 0 004.95 4.95l1.25-1.25a.75.75 0 00-1.06-1.06l-1.25 1.25a2 2 0 01-2.83 0z\"></path></svg></a>Building Examples</h3>\n<p dir=\"auto\">You can build examples project using this command:</p>\n<p dir=\"auto\"><code>$ sbt examples/compile</code></p>\n<h3 dir=\"auto\"><a id=\"user-content-packaging\" class=\"anchor\" aria-hidden=\"true\" href=\"#packaging\"><svg class=\"octicon octicon-link\" viewBox=\"0 0 16 16\" version=\"1.1\" width=\"16\" height=\"16\" aria-hidden=\"true\"><path fill-rule=\"evenodd\" d=\"M7.775 3.275a.75.75 0 001.06 1.06l1.25-1.25a2 2 0 112.83 2.83l-2.5 2.5a2 2 0 01-2.83 0 .75.75 0 00-1.06 1.06 3.5 3.5 0 004.95 0l2.5-2.5a3.5 3.5 0 00-4.95-4.95l-1.25 1.25zm-4.69 9.64a2 2 0 010-2.83l2.5-2.5a2 2 0 012.83 0 .75.75 0 001.06-1.06 3.5 3.5 0 00-4.95 0l-2.5 2.5a3.5 3.5 0 004.95 4.95l1.25-1.25a.75.75 0 00-1.06-1.06l-1.25 1.25a2 2 0 01-2.83 0z\"></path></svg></a>Packaging</h3>\n<p dir=\"auto\">You can package the ScalaTest JAR file using this command:</p>\n<p dir=\"auto\"><code>$ sbt package</code></p>\n<p dir=\"auto\">The resulting JAR file will be produced in target/scala-2.11/.</p>\n<p dir=\"auto\">You can also publish it to your local Ivy repository using this command:</p>\n<p dir=\"auto\"><code>$ sbt publishLocal</code></p>\n<p dir=\"auto\">Or publish it to local maven repository using this command:</p>\n<p dir=\"auto\"><code>$ sbt publishM2</code></p>\n<h3 dir=\"auto\"><a id=\"user-content-publishing\" class=\"anchor\" aria-hidden=\"true\" href=\"#publishing\"><svg class=\"octicon octicon-link\" viewBox=\"0 0 16 16\" version=\"1.1\" width=\"16\" height=\"16\" aria-hidden=\"true\"><path fill-rule=\"evenodd\" d=\"M7.775 3.275a.75.75 0 001.06 1.06l1.25-1.25a2 2 0 112.83 2.83l-2.5 2.5a2 2 0 01-2.83 0 .75.75 0 00-1.06 1.06 3.5 3.5 0 004.95 0l2.5-2.5a3.5 3.5 0 00-4.95-4.95l-1.25 1.25zm-4.69 9.64a2 2 0 010-2.83l2.5-2.5a2 2 0 012.83 0 .75.75 0 001.06-1.06 3.5 3.5 0 00-4.95 0l-2.5 2.5a3.5 3.5 0 004.95 4.95l1.25-1.25a.75.75 0 00-1.06-1.06l-1.25 1.25a2 2 0 01-2.83 0z\"></path></svg></a>Publishing</h3>\n<p dir=\"auto\">To publish to Sonatype, you first need to make sure you have the following:</p>\n<ul dir=\"auto\">\n<li>A GPG client is installed on your command line path. For more information, please refer to <a href=\"http://www.gnupg.org/\" rel=\"nofollow\">GNU Privacy Guard Website</a>.</li>\n<li>You have created your GPG keys and distributed your public key to hkp://pool.sks-keyservers.net/. For more information, please refer to <a href=\"https://docs.sonatype.org/display/Repository/How+To+Generate+PGP+Signatures+With+Maven\" rel=\"nofollow\">How To Generate PGP Signatures With Maven</a>.</li>\n<li>You have been granted the right to publish using org.scalatest and org.scalactic domain.</li>\n</ul>\n<p dir=\"auto\">By default, ScalaTest build will read your Sonatype credentials from ~/.ivy2/.credentials, which is a properties file that looks like this:</p>\n<div class=\"snippet-clipboard-content position-relative overflow-auto\" data-snippet-clipboard-copy-content=\"realm=Sonatype Nexus Repository Manager\nhost=oss.sonatype.org\nuser=xxxxxxxx\npassword=xxxxxxxx\"><pre><code>realm=Sonatype Nexus Repository Manager\nhost=oss.sonatype.org\nuser=xxxxxxxx\npassword=xxxxxxxx\n</code></pre></div>\n<p dir=\"auto\">You can use SCALATEST_NEXUS_LOGIN and SCALATEST_NEXUS_PASSWORD environment variables to override Sonatype credentials.</p>\n<p dir=\"auto\">For signing, ScalaTest build will use ~/.gnupg/secring.gpg by default and prompt for GPG passphase if required.  Alternatively you can use SCALATEST_GPG_FILE to use a different GPG file, and use SCALATEST_GPG_PASSPHASE to provide GPG passphase to avoid input prompt.</p>\n<p dir=\"auto\">If you would like to export a particular private key into a separate GPG file, you can use the following command:</p>\n<p dir=\"auto\"><code>$ gpg --export-secret-keys example@example.com &gt; example-secret-key.gpg</code></p>\n<p dir=\"auto\">With Sonatype credentials and GPG file in place, you can now publish to Sonatype.</p>\n<p dir=\"auto\">Before publishing any patch release, binary compatibility with previous version should be checked:</p>\n<div class=\"snippet-clipboard-content position-relative overflow-auto\" data-snippet-clipboard-copy-content=\"$ export SCALAJS_VERSION=0.6.33\n$ sbt ++2.10.7 scalactic/package scalactic/mimaReportBinaryIssues\n$ sbt ++2.10.7 scalatestCore/package scalatestCore/mimaReportBinaryIssues\n$ sbt ++2.10.7 scalatestFeatureSpec/package scalatestFeatureSpec/mimaReportBinaryIssues\n$ sbt ++2.10.7 scalatestFlatSpec/package scalatestFlatSpec/mimaReportBinaryIssues\n$ sbt ++2.10.7 scalatestFreeSpec/package scalatestFreeSpec/mimaReportBinaryIssues\n$ sbt ++2.10.7 scalatestFunSuite/package scalatestFunSuite/mimaReportBinaryIssues\n$ sbt ++2.10.7 scalatestFunSpec/package scalatestFunSpec/mimaReportBinaryIssues\n$ sbt ++2.10.7 scalatestPropSpec/package scalatestPropSpec/mimaReportBinaryIssues\n$ sbt ++2.10.7 scalatestRefSpec/package scalatestRefSpec/mimaReportBinaryIssues\n$ sbt ++2.10.7 scalatestWordSpec/package scalatestWordSpec/mimaReportBinaryIssues\n$ sbt ++2.10.7 scalatestDiagrams/package scalatestDiagrams/mimaReportBinaryIssues\n$ sbt ++2.10.7 scalatestMatchersCore/package scalatestMatchersCore/mimaReportBinaryIssues\n$ sbt ++2.10.7 scalatestShouldMatchers/package scalatestShouldMatchers/mimaReportBinaryIssues\n$ sbt ++2.10.7 scalatestMustMatchers/package scalatestMustMatchers/mimaReportBinaryIssues\n$ sbt ++2.10.7 scalacticJS/package scalacticJS/mimaReportBinaryIssues\n$ sbt ++2.10.7 scalatestCoreJS/package scalatestCoreJS/mimaReportBinaryIssues\n$ sbt ++2.10.7 scalatestFeatureSpecJS/package scalatestFeatureSpecJS/mimaReportBinaryIssues\n$ sbt ++2.10.7 scalatestFlatSpecJS/package scalatestFlatSpecJS/mimaReportBinaryIssues\n$ sbt ++2.10.7 scalatestFreeSpecJS/package scalatestFreeSpecJS/mimaReportBinaryIssues\n$ sbt ++2.10.7 scalatestFunSuiteJS/package scalatestFunSuiteJS/mimaReportBinaryIssues\n$ sbt ++2.10.7 scalatestFunSpecJS/package scalatestFunSpecJS/mimaReportBinaryIssues\n$ sbt ++2.10.7 scalatestPropSpecJS/package scalatestPropSpecJS/mimaReportBinaryIssues\n$ sbt ++2.10.7 scalatestWordSpecJS/package scalatestWordSpecJS/mimaReportBinaryIssues\n$ sbt ++2.10.7 scalatestDiagramsJS/package scalatestDiagramsJS/mimaReportBinaryIssues\n$ sbt ++2.10.7 scalatestMatchersCoreJS/package scalatestMatchersCoreJS/mimaReportBinaryIssues\n$ sbt ++2.10.7 scalatestShouldMatchersJS/package scalatestShouldMatchersJS/mimaReportBinaryIssues\n$ sbt ++2.10.7 scalatestMustMatchersJS/package scalatestMustMatchersJS/mimaReportBinaryIssues\n\n$ export SCALAJS_VERSION=1.7.1\n$ sbt ++2.11.12 scalactic/package scalactic/mimaReportBinaryIssues\n$ sbt ++2.11.12 scalatestCore/package scalatestCore/mimaReportBinaryIssues\n$ sbt ++2.11.12 scalatestFeatureSpec/package scalatestFeatureSpec/mimaReportBinaryIssues\n$ sbt ++2.11.12 scalatestFlatSpec/package scalatestFlatSpec/mimaReportBinaryIssues\n$ sbt ++2.11.12 scalatestFreeSpec/package scalatestFreeSpec/mimaReportBinaryIssues\n$ sbt ++2.11.12 scalatestFunSuite/package scalatestFunSuite/mimaReportBinaryIssues\n$ sbt ++2.11.12 scalatestFunSpec/package scalatestFunSpec/mimaReportBinaryIssues\n$ sbt ++2.11.12 scalatestPropSpec/package scalatestPropSpec/mimaReportBinaryIssues\n$ sbt ++2.11.12 scalatestRefSpec/package scalatestRefSpec/mimaReportBinaryIssues\n$ sbt ++2.11.12 scalatestWordSpec/package scalatestWordSpec/mimaReportBinaryIssues\n$ sbt ++2.11.12 scalatestDiagrams/package scalatestDiagrams/mimaReportBinaryIssues\n$ sbt ++2.11.12 scalatestMatchersCore/package scalatestMatchersCore/mimaReportBinaryIssues\n$ sbt ++2.11.12 scalatestShouldMatchers/package scalatestShouldMatchers/mimaReportBinaryIssues\n$ sbt ++2.11.12 scalatestMustMatchers/package scalatestMustMatchers/mimaReportBinaryIssues\n$ sbt ++2.11.12 scalacticJS/package scalacticJS/mimaReportBinaryIssues\n$ sbt ++2.11.12 scalatestCoreJS/package scalatestCoreJS/mimaReportBinaryIssues\n$ sbt ++2.11.12 scalatestFeatureSpecJS/package scalatestFeatureSpecJS/mimaReportBinaryIssues\n$ sbt ++2.11.12 scalatestFlatSpecJS/package scalatestFlatSpecJS/mimaReportBinaryIssues\n$ sbt ++2.11.12 scalatestFreeSpecJS/package scalatestFreeSpecJS/mimaReportBinaryIssues\n$ sbt ++2.11.12 scalatestFunSuiteJS/package scalatestFunSuiteJS/mimaReportBinaryIssues\n$ sbt ++2.11.12 scalatestFunSpecJS/package scalatestFunSpecJS/mimaReportBinaryIssues\n$ sbt ++2.11.12 scalatestPropSpecJS/package scalatestPropSpecJS/mimaReportBinaryIssues\n$ sbt ++2.11.12 scalatestWordSpecJS/package scalatestWordSpecJS/mimaReportBinaryIssues\n$ sbt ++2.11.12 scalatestDiagramsJS/package scalatestDiagramsJS/mimaReportBinaryIssues\n$ sbt ++2.11.12 scalatestMatchersCoreJS/package scalatestMatchersCoreJS/mimaReportBinaryIssues\n$ sbt ++2.11.12 scalatestShouldMatchersJS/package scalatestShouldMatchersJS/mimaReportBinaryIssues\n$ sbt ++2.11.12 scalatestMustMatchersJS/package scalatestMustMatchersJS/mimaReportBinaryIssues\n\n$ sbt ++2.12.15 scalactic/package scalactic/mimaReportBinaryIssues\n$ sbt ++2.12.15 scalatestCore/package scalatestCore/mimaReportBinaryIssues\n$ sbt ++2.12.15 scalatestFeatureSpec/package scalatestFeatureSpec/mimaReportBinaryIssues\n$ sbt ++2.12.15 scalatestFlatSpec/package scalatestFlatSpec/mimaReportBinaryIssues\n$ sbt ++2.12.15 scalatestFreeSpec/package scalatestFreeSpec/mimaReportBinaryIssues\n$ sbt ++2.12.15 scalatestFunSuite/package scalatestFunSuite/mimaReportBinaryIssues\n$ sbt ++2.12.15 scalatestFunSpec/package scalatestFunSpec/mimaReportBinaryIssues\n$ sbt ++2.12.15 scalatestPropSpec/package scalatestPropSpec/mimaReportBinaryIssues\n$ sbt ++2.12.15 scalatestRefSpec/package scalatestRefSpec/mimaReportBinaryIssues\n$ sbt ++2.12.15 scalatestWordSpec/package scalatestWordSpec/mimaReportBinaryIssues\n$ sbt ++2.12.15 scalatestDiagrams/package scalatestDiagrams/mimaReportBinaryIssues\n$ sbt ++2.12.15 scalatestMatchersCore/package scalatestMatchersCore/mimaReportBinaryIssues\n$ sbt ++2.12.15 scalatestShouldMatchers/package scalatestShouldMatchers/mimaReportBinaryIssues\n$ sbt ++2.12.15 scalatestMustMatchers/package scalatestMustMatchers/mimaReportBinaryIssues\n$ sbt ++2.12.15 scalacticJS/package scalacticJS/mimaReportBinaryIssues\n$ sbt ++2.12.15 scalatestCoreJS/package scalatestCoreJS/mimaReportBinaryIssues\n$ sbt ++2.12.15 scalatestFeatureSpecJS/package scalatestFeatureSpecJS/mimaReportBinaryIssues\n$ sbt ++2.12.15 scalatestFlatSpecJS/package scalatestFlatSpecJS/mimaReportBinaryIssues\n$ sbt ++2.12.15 scalatestFreeSpecJS/package scalatestFreeSpecJS/mimaReportBinaryIssues\n$ sbt ++2.12.15 scalatestFunSuiteJS/package scalatestFunSuiteJS/mimaReportBinaryIssues\n$ sbt ++2.12.15 scalatestFunSpecJS/package scalatestFunSpecJS/mimaReportBinaryIssues\n$ sbt ++2.12.15 scalatestPropSpecJS/package scalatestPropSpecJS/mimaReportBinaryIssues\n$ sbt ++2.12.15 scalatestWordSpecJS/package scalatestWordSpecJS/mimaReportBinaryIssues\n$ sbt ++2.12.15 scalatestDiagramsJS/package scalatestDiagramsJS/mimaReportBinaryIssues\n$ sbt ++2.12.15 scalatestMatchersCoreJS/package scalatestMatchersCoreJS/mimaReportBinaryIssues\n$ sbt ++2.12.15 scalatestShouldMatchersJS/package scalatestShouldMatchersJS/mimaReportBinaryIssues\n$ sbt ++2.12.15 scalatestMustMatchersJS/package scalatestMustMatchersJS/mimaReportBinaryIssues\n\n$ sbt ++2.13.6 scalactic/package scalactic/mimaReportBinaryIssues\n$ sbt ++2.13.6 scalatestCore/package scalatestCore/mimaReportBinaryIssues\n$ sbt ++2.13.6 scalatestFeatureSpec/package scalatestFeatureSpec/mimaReportBinaryIssues\n$ sbt ++2.13.6 scalatestFlatSpec/package scalatestFlatSpec/mimaReportBinaryIssues\n$ sbt ++2.13.6 scalatestFreeSpec/package scalatestFreeSpec/mimaReportBinaryIssues\n$ sbt ++2.13.6 scalatestFunSuite/package scalatestFunSuite/mimaReportBinaryIssues\n$ sbt ++2.13.6 scalatestFunSpec/package scalatestFunSpec/mimaReportBinaryIssues\n$ sbt ++2.13.6 scalatestPropSpec/package scalatestPropSpec/mimaReportBinaryIssues\n$ sbt ++2.13.6 scalatestRefSpec/package scalatestRefSpec/mimaReportBinaryIssues\n$ sbt ++2.13.6 scalatestWordSpec/package scalatestWordSpec/mimaReportBinaryIssues\n$ sbt ++2.13.6 scalatestDiagrams/package scalatestDiagrams/mimaReportBinaryIssues\n$ sbt ++2.13.6 scalatestMatchersCore/package scalatestMatchersCore/mimaReportBinaryIssues\n$ sbt ++2.13.6 scalatestShouldMatchers/package scalatestShouldMatchers/mimaReportBinaryIssues\n$ sbt ++2.13.6 scalatestMustMatchers/package scalatestMustMatchers/mimaReportBinaryIssues\n$ sbt ++2.13.6 scalacticJS/package scalacticJS/mimaReportBinaryIssues\n$ sbt ++2.13.6 scalatestCoreJS/package scalatestCoreJS/mimaReportBinaryIssues\n$ sbt ++2.13.6 scalatestFeatureSpecJS/package scalatestFeatureSpecJS/mimaReportBinaryIssues\n$ sbt ++2.13.6 scalatestFlatSpecJS/package scalatestFlatSpecJS/mimaReportBinaryIssues\n$ sbt ++2.13.6 scalatestFreeSpecJS/package scalatestFreeSpecJS/mimaReportBinaryIssues\n$ sbt ++2.13.6 scalatestFunSuiteJS/package scalatestFunSuiteJS/mimaReportBinaryIssues\n$ sbt ++2.13.6 scalatestFunSpecJS/package scalatestFunSpecJS/mimaReportBinaryIssues\n$ sbt ++2.13.6 scalatestPropSpecJS/package scalatestPropSpecJS/mimaReportBinaryIssues\n$ sbt ++2.13.6 scalatestWordSpecJS/package scalatestWordSpecJS/mimaReportBinaryIssues\n$ sbt ++2.13.6 scalatestDiagramsJS/package scalatestDiagramsJS/mimaReportBinaryIssues\n$ sbt ++2.13.6 scalatestMatchersCoreJS/package scalatestMatchersCoreJS/mimaReportBinaryIssues\n$ sbt ++2.13.6 scalatestShouldMatchersJS/package scalatestShouldMatchersJS/mimaReportBinaryIssues\n$ sbt ++2.13.6 scalatestMustMatchersJS/package scalatestMustMatchersJS/mimaReportBinaryIssues\"><pre><code>$ export SCALAJS_VERSION=0.6.33\n$ sbt ++2.10.7 scalactic/package scalactic/mimaReportBinaryIssues\n$ sbt ++2.10.7 scalatestCore/package scalatestCore/mimaReportBinaryIssues\n$ sbt ++2.10.7 scalatestFeatureSpec/package scalatestFeatureSpec/mimaReportBinaryIssues\n$ sbt ++2.10.7 scalatestFlatSpec/package scalatestFlatSpec/mimaReportBinaryIssues\n$ sbt ++2.10.7 scalatestFreeSpec/package scalatestFreeSpec/mimaReportBinaryIssues\n$ sbt ++2.10.7 scalatestFunSuite/package scalatestFunSuite/mimaReportBinaryIssues\n$ sbt ++2.10.7 scalatestFunSpec/package scalatestFunSpec/mimaReportBinaryIssues\n$ sbt ++2.10.7 scalatestPropSpec/package scalatestPropSpec/mimaReportBinaryIssues\n$ sbt ++2.10.7 scalatestRefSpec/package scalatestRefSpec/mimaReportBinaryIssues\n$ sbt ++2.10.7 scalatestWordSpec/package scalatestWordSpec/mimaReportBinaryIssues\n$ sbt ++2.10.7 scalatestDiagrams/package scalatestDiagrams/mimaReportBinaryIssues\n$ sbt ++2.10.7 scalatestMatchersCore/package scalatestMatchersCore/mimaReportBinaryIssues\n$ sbt ++2.10.7 scalatestShouldMatchers/package scalatestShouldMatchers/mimaReportBinaryIssues\n$ sbt ++2.10.7 scalatestMustMatchers/package scalatestMustMatchers/mimaReportBinaryIssues\n$ sbt ++2.10.7 scalacticJS/package scalacticJS/mimaReportBinaryIssues\n$ sbt ++2.10.7 scalatestCoreJS/package scalatestCoreJS/mimaReportBinaryIssues\n$ sbt ++2.10.7 scalatestFeatureSpecJS/package scalatestFeatureSpecJS/mimaReportBinaryIssues\n$ sbt ++2.10.7 scalatestFlatSpecJS/package scalatestFlatSpecJS/mimaReportBinaryIssues\n$ sbt ++2.10.7 scalatestFreeSpecJS/package scalatestFreeSpecJS/mimaReportBinaryIssues\n$ sbt ++2.10.7 scalatestFunSuiteJS/package scalatestFunSuiteJS/mimaReportBinaryIssues\n$ sbt ++2.10.7 scalatestFunSpecJS/package scalatestFunSpecJS/mimaReportBinaryIssues\n$ sbt ++2.10.7 scalatestPropSpecJS/package scalatestPropSpecJS/mimaReportBinaryIssues\n$ sbt ++2.10.7 scalatestWordSpecJS/package scalatestWordSpecJS/mimaReportBinaryIssues\n$ sbt ++2.10.7 scalatestDiagramsJS/package scalatestDiagramsJS/mimaReportBinaryIssues\n$ sbt ++2.10.7 scalatestMatchersCoreJS/package scalatestMatchersCoreJS/mimaReportBinaryIssues\n$ sbt ++2.10.7 scalatestShouldMatchersJS/package scalatestShouldMatchersJS/mimaReportBinaryIssues\n$ sbt ++2.10.7 scalatestMustMatchersJS/package scalatestMustMatchersJS/mimaReportBinaryIssues\n\n$ export SCALAJS_VERSION=1.7.1\n$ sbt ++2.11.12 scalactic/package scalactic/mimaReportBinaryIssues\n$ sbt ++2.11.12 scalatestCore/package scalatestCore/mimaReportBinaryIssues\n$ sbt ++2.11.12 scalatestFeatureSpec/package scalatestFeatureSpec/mimaReportBinaryIssues\n$ sbt ++2.11.12 scalatestFlatSpec/package scalatestFlatSpec/mimaReportBinaryIssues\n$ sbt ++2.11.12 scalatestFreeSpec/package scalatestFreeSpec/mimaReportBinaryIssues\n$ sbt ++2.11.12 scalatestFunSuite/package scalatestFunSuite/mimaReportBinaryIssues\n$ sbt ++2.11.12 scalatestFunSpec/package scalatestFunSpec/mimaReportBinaryIssues\n$ sbt ++2.11.12 scalatestPropSpec/package scalatestPropSpec/mimaReportBinaryIssues\n$ sbt ++2.11.12 scalatestRefSpec/package scalatestRefSpec/mimaReportBinaryIssues\n$ sbt ++2.11.12 scalatestWordSpec/package scalatestWordSpec/mimaReportBinaryIssues\n$ sbt ++2.11.12 scalatestDiagrams/package scalatestDiagrams/mimaReportBinaryIssues\n$ sbt ++2.11.12 scalatestMatchersCore/package scalatestMatchersCore/mimaReportBinaryIssues\n$ sbt ++2.11.12 scalatestShouldMatchers/package scalatestShouldMatchers/mimaReportBinaryIssues\n$ sbt ++2.11.12 scalatestMustMatchers/package scalatestMustMatchers/mimaReportBinaryIssues\n$ sbt ++2.11.12 scalacticJS/package scalacticJS/mimaReportBinaryIssues\n$ sbt ++2.11.12 scalatestCoreJS/package scalatestCoreJS/mimaReportBinaryIssues\n$ sbt ++2.11.12 scalatestFeatureSpecJS/package scalatestFeatureSpecJS/mimaReportBinaryIssues\n$ sbt ++2.11.12 scalatestFlatSpecJS/package scalatestFlatSpecJS/mimaReportBinaryIssues\n$ sbt ++2.11.12 scalatestFreeSpecJS/package scalatestFreeSpecJS/mimaReportBinaryIssues\n$ sbt ++2.11.12 scalatestFunSuiteJS/package scalatestFunSuiteJS/mimaReportBinaryIssues\n$ sbt ++2.11.12 scalatestFunSpecJS/package scalatestFunSpecJS/mimaReportBinaryIssues\n$ sbt ++2.11.12 scalatestPropSpecJS/package scalatestPropSpecJS/mimaReportBinaryIssues\n$ sbt ++2.11.12 scalatestWordSpecJS/package scalatestWordSpecJS/mimaReportBinaryIssues\n$ sbt ++2.11.12 scalatestDiagramsJS/package scalatestDiagramsJS/mimaReportBinaryIssues\n$ sbt ++2.11.12 scalatestMatchersCoreJS/package scalatestMatchersCoreJS/mimaReportBinaryIssues\n$ sbt ++2.11.12 scalatestShouldMatchersJS/package scalatestShouldMatchersJS/mimaReportBinaryIssues\n$ sbt ++2.11.12 scalatestMustMatchersJS/package scalatestMustMatchersJS/mimaReportBinaryIssues\n\n$ sbt ++2.12.15 scalactic/package scalactic/mimaReportBinaryIssues\n$ sbt ++2.12.15 scalatestCore/package scalatestCore/mimaReportBinaryIssues\n$ sbt ++2.12.15 scalatestFeatureSpec/package scalatestFeatureSpec/mimaReportBinaryIssues\n$ sbt ++2.12.15 scalatestFlatSpec/package scalatestFlatSpec/mimaReportBinaryIssues\n$ sbt ++2.12.15 scalatestFreeSpec/package scalatestFreeSpec/mimaReportBinaryIssues\n$ sbt ++2.12.15 scalatestFunSuite/package scalatestFunSuite/mimaReportBinaryIssues\n$ sbt ++2.12.15 scalatestFunSpec/package scalatestFunSpec/mimaReportBinaryIssues\n$ sbt ++2.12.15 scalatestPropSpec/package scalatestPropSpec/mimaReportBinaryIssues\n$ sbt ++2.12.15 scalatestRefSpec/package scalatestRefSpec/mimaReportBinaryIssues\n$ sbt ++2.12.15 scalatestWordSpec/package scalatestWordSpec/mimaReportBinaryIssues\n$ sbt ++2.12.15 scalatestDiagrams/package scalatestDiagrams/mimaReportBinaryIssues\n$ sbt ++2.12.15 scalatestMatchersCore/package scalatestMatchersCore/mimaReportBinaryIssues\n$ sbt ++2.12.15 scalatestShouldMatchers/package scalatestShouldMatchers/mimaReportBinaryIssues\n$ sbt ++2.12.15 scalatestMustMatchers/package scalatestMustMatchers/mimaReportBinaryIssues\n$ sbt ++2.12.15 scalacticJS/package scalacticJS/mimaReportBinaryIssues\n$ sbt ++2.12.15 scalatestCoreJS/package scalatestCoreJS/mimaReportBinaryIssues\n$ sbt ++2.12.15 scalatestFeatureSpecJS/package scalatestFeatureSpecJS/mimaReportBinaryIssues\n$ sbt ++2.12.15 scalatestFlatSpecJS/package scalatestFlatSpecJS/mimaReportBinaryIssues\n$ sbt ++2.12.15 scalatestFreeSpecJS/package scalatestFreeSpecJS/mimaReportBinaryIssues\n$ sbt ++2.12.15 scalatestFunSuiteJS/package scalatestFunSuiteJS/mimaReportBinaryIssues\n$ sbt ++2.12.15 scalatestFunSpecJS/package scalatestFunSpecJS/mimaReportBinaryIssues\n$ sbt ++2.12.15 scalatestPropSpecJS/package scalatestPropSpecJS/mimaReportBinaryIssues\n$ sbt ++2.12.15 scalatestWordSpecJS/package scalatestWordSpecJS/mimaReportBinaryIssues\n$ sbt ++2.12.15 scalatestDiagramsJS/package scalatestDiagramsJS/mimaReportBinaryIssues\n$ sbt ++2.12.15 scalatestMatchersCoreJS/package scalatestMatchersCoreJS/mimaReportBinaryIssues\n$ sbt ++2.12.15 scalatestShouldMatchersJS/package scalatestShouldMatchersJS/mimaReportBinaryIssues\n$ sbt ++2.12.15 scalatestMustMatchersJS/package scalatestMustMatchersJS/mimaReportBinaryIssues\n\n$ sbt ++2.13.6 scalactic/package scalactic/mimaReportBinaryIssues\n$ sbt ++2.13.6 scalatestCore/package scalatestCore/mimaReportBinaryIssues\n$ sbt ++2.13.6 scalatestFeatureSpec/package scalatestFeatureSpec/mimaReportBinaryIssues\n$ sbt ++2.13.6 scalatestFlatSpec/package scalatestFlatSpec/mimaReportBinaryIssues\n$ sbt ++2.13.6 scalatestFreeSpec/package scalatestFreeSpec/mimaReportBinaryIssues\n$ sbt ++2.13.6 scalatestFunSuite/package scalatestFunSuite/mimaReportBinaryIssues\n$ sbt ++2.13.6 scalatestFunSpec/package scalatestFunSpec/mimaReportBinaryIssues\n$ sbt ++2.13.6 scalatestPropSpec/package scalatestPropSpec/mimaReportBinaryIssues\n$ sbt ++2.13.6 scalatestRefSpec/package scalatestRefSpec/mimaReportBinaryIssues\n$ sbt ++2.13.6 scalatestWordSpec/package scalatestWordSpec/mimaReportBinaryIssues\n$ sbt ++2.13.6 scalatestDiagrams/package scalatestDiagrams/mimaReportBinaryIssues\n$ sbt ++2.13.6 scalatestMatchersCore/package scalatestMatchersCore/mimaReportBinaryIssues\n$ sbt ++2.13.6 scalatestShouldMatchers/package scalatestShouldMatchers/mimaReportBinaryIssues\n$ sbt ++2.13.6 scalatestMustMatchers/package scalatestMustMatchers/mimaReportBinaryIssues\n$ sbt ++2.13.6 scalacticJS/package scalacticJS/mimaReportBinaryIssues\n$ sbt ++2.13.6 scalatestCoreJS/package scalatestCoreJS/mimaReportBinaryIssues\n$ sbt ++2.13.6 scalatestFeatureSpecJS/package scalatestFeatureSpecJS/mimaReportBinaryIssues\n$ sbt ++2.13.6 scalatestFlatSpecJS/package scalatestFlatSpecJS/mimaReportBinaryIssues\n$ sbt ++2.13.6 scalatestFreeSpecJS/package scalatestFreeSpecJS/mimaReportBinaryIssues\n$ sbt ++2.13.6 scalatestFunSuiteJS/package scalatestFunSuiteJS/mimaReportBinaryIssues\n$ sbt ++2.13.6 scalatestFunSpecJS/package scalatestFunSpecJS/mimaReportBinaryIssues\n$ sbt ++2.13.6 scalatestPropSpecJS/package scalatestPropSpecJS/mimaReportBinaryIssues\n$ sbt ++2.13.6 scalatestWordSpecJS/package scalatestWordSpecJS/mimaReportBinaryIssues\n$ sbt ++2.13.6 scalatestDiagramsJS/package scalatestDiagramsJS/mimaReportBinaryIssues\n$ sbt ++2.13.6 scalatestMatchersCoreJS/package scalatestMatchersCoreJS/mimaReportBinaryIssues\n$ sbt ++2.13.6 scalatestShouldMatchersJS/package scalatestShouldMatchersJS/mimaReportBinaryIssues\n$ sbt ++2.13.6 scalatestMustMatchersJS/package scalatestMustMatchersJS/mimaReportBinaryIssues\n</code></pre></div>\n<p dir=\"auto\">To publish scalatest modules for jvm, js, native and dotty, use the following commands:</p>\n<div class=\"snippet-clipboard-content position-relative overflow-auto\" data-snippet-clipboard-copy-content=\"$ ./publish.sh\"><pre><code>$ ./publish.sh\n</code></pre></div>\n</article></div>",
    "contributors" : [
      {
        "login" : "cheeseng",
        "avatarUrl" : "https://avatars.githubusercontent.com/u/1322009?v=4",
        "url" : "https://api.github.com/users/cheeseng",
        "contributions" : 2769
      },
      {
        "login" : "bvenners",
        "avatarUrl" : "https://avatars.githubusercontent.com/u/120885?v=4",
        "url" : "https://api.github.com/users/bvenners",
        "contributions" : 2629
      },
      {
        "login" : "gcberger",
        "avatarUrl" : "https://avatars.githubusercontent.com/u/4093549?v=4",
        "url" : "https://api.github.com/users/gcberger",
        "contributions" : 83
      },
      {
        "login" : "liufengyun",
        "avatarUrl" : "https://avatars.githubusercontent.com/u/754633?v=4",
        "url" : "https://api.github.com/users/liufengyun",
        "contributions" : 47
      },
      {
        "login" : "nicolasstucki",
        "avatarUrl" : "https://avatars.githubusercontent.com/u/3648029?v=4",
        "url" : "https://api.github.com/users/nicolasstucki",
        "contributions" : 42
      },
      {
        "login" : "shadaj",
        "avatarUrl" : "https://avatars.githubusercontent.com/u/543055?v=4",
        "url" : "https://api.github.com/users/shadaj",
        "contributions" : 20
      },
      {
        "login" : "giabao",
        "avatarUrl" : "https://avatars.githubusercontent.com/u/1702709?v=4",
        "url" : "https://api.github.com/users/giabao",
        "contributions" : 19
      },
      {
        "login" : "rfries",
        "avatarUrl" : "https://avatars.githubusercontent.com/u/1221739?v=4",
        "url" : "https://api.github.com/users/rfries",
        "contributions" : 15
      },
      {
        "login" : "ashawley",
        "avatarUrl" : "https://avatars.githubusercontent.com/u/358615?v=4",
        "url" : "https://api.github.com/users/ashawley",
        "contributions" : 10
      },
      {
        "login" : "allanrenucci",
        "avatarUrl" : "https://avatars.githubusercontent.com/u/4996324?v=4",
        "url" : "https://api.github.com/users/allanrenucci",
        "contributions" : 8
      },
      {
        "login" : "smarter",
        "avatarUrl" : "https://avatars.githubusercontent.com/u/63430?v=4",
        "url" : "https://api.github.com/users/smarter",
        "contributions" : 8
      },
      {
        "login" : "catap",
        "avatarUrl" : "https://avatars.githubusercontent.com/u/37775?v=4",
        "url" : "https://api.github.com/users/catap",
        "contributions" : 7
      },
      {
        "login" : "SethTisue",
        "avatarUrl" : "https://avatars.githubusercontent.com/u/161079?v=4",
        "url" : "https://api.github.com/users/SethTisue",
        "contributions" : 7
      },
      {
        "login" : "jducoeur",
        "avatarUrl" : "https://avatars.githubusercontent.com/u/2184929?v=4",
        "url" : "https://api.github.com/users/jducoeur",
        "contributions" : 6
      },
      {
        "login" : "taisukeoe",
        "avatarUrl" : "https://avatars.githubusercontent.com/u/1506707?v=4",
        "url" : "https://api.github.com/users/taisukeoe",
        "contributions" : 6
      },
      {
        "login" : "odersky",
        "avatarUrl" : "https://avatars.githubusercontent.com/u/795990?v=4",
        "url" : "https://api.github.com/users/odersky",
        "contributions" : 5
      },
      {
        "login" : "kelemensanyi",
        "avatarUrl" : "https://avatars.githubusercontent.com/u/9008261?v=4",
        "url" : "https://api.github.com/users/kelemensanyi",
        "contributions" : 5
      },
      {
        "login" : "sjrd",
        "avatarUrl" : "https://avatars.githubusercontent.com/u/535934?v=4",
        "url" : "https://api.github.com/users/sjrd",
        "contributions" : 5
      },
      {
        "login" : "phucnh",
        "avatarUrl" : "https://avatars.githubusercontent.com/u/1061090?v=4",
        "url" : "https://api.github.com/users/phucnh",
        "contributions" : 5
      },
      {
        "login" : "benjumanji",
        "avatarUrl" : "https://avatars.githubusercontent.com/u/290429?v=4",
        "url" : "https://api.github.com/users/benjumanji",
        "contributions" : 4
      },
      {
        "login" : "dmakhno",
        "avatarUrl" : "https://avatars.githubusercontent.com/u/1913863?v=4",
        "url" : "https://api.github.com/users/dmakhno",
        "contributions" : 3
      },
      {
        "login" : "matthewfarwell",
        "avatarUrl" : "https://avatars.githubusercontent.com/u/71668?v=4",
        "url" : "https://api.github.com/users/matthewfarwell",
        "contributions" : 3
      },
      {
        "login" : "mpilquist",
        "avatarUrl" : "https://avatars.githubusercontent.com/u/118078?v=4",
        "url" : "https://api.github.com/users/mpilquist",
        "contributions" : 3
      },
      {
        "login" : "ndwade",
        "avatarUrl" : "https://avatars.githubusercontent.com/u/851351?v=4",
        "url" : "https://api.github.com/users/ndwade",
        "contributions" : 3
      },
      {
        "login" : "bishabosha",
        "avatarUrl" : "https://avatars.githubusercontent.com/u/13436592?v=4",
        "url" : "https://api.github.com/users/bishabosha",
        "contributions" : 3
      },
      {
        "login" : "johnduffell",
        "avatarUrl" : "https://avatars.githubusercontent.com/u/7304387?v=4",
        "url" : "https://api.github.com/users/johnduffell",
        "contributions" : 2
      },
      {
        "login" : "marcospereira",
        "avatarUrl" : "https://avatars.githubusercontent.com/u/4576?v=4",
        "url" : "https://api.github.com/users/marcospereira",
        "contributions" : 2
      },
      {
        "login" : "sideeffffect",
        "avatarUrl" : "https://avatars.githubusercontent.com/u/9019485?v=4",
        "url" : "https://api.github.com/users/sideeffffect",
        "contributions" : 2
      },
      {
        "login" : "seblm",
        "avatarUrl" : "https://avatars.githubusercontent.com/u/567637?v=4",
        "url" : "https://api.github.com/users/seblm",
        "contributions" : 2
      },
      {
        "login" : "travisbrown",
        "avatarUrl" : "https://avatars.githubusercontent.com/u/316049?v=4",
        "url" : "https://api.github.com/users/travisbrown",
        "contributions" : 2
      },
      {
        "login" : "adriaanm",
        "avatarUrl" : "https://avatars.githubusercontent.com/u/91083?v=4",
        "url" : "https://api.github.com/users/adriaanm",
        "contributions" : 1
      },
      {
        "login" : "raboof",
        "avatarUrl" : "https://avatars.githubusercontent.com/u/131856?v=4",
        "url" : "https://api.github.com/users/raboof",
        "contributions" : 1
      },
      {
        "login" : "BardurArantsson",
        "avatarUrl" : "https://avatars.githubusercontent.com/u/459138?v=4",
        "url" : "https://api.github.com/users/BardurArantsson",
        "contributions" : 1
      },
      {
        "login" : "brendanmaguire",
        "avatarUrl" : "https://avatars.githubusercontent.com/u/1093243?v=4",
        "url" : "https://api.github.com/users/brendanmaguire",
        "contributions" : 1
      },
      {
        "login" : "bbonanno",
        "avatarUrl" : "https://avatars.githubusercontent.com/u/241804?v=4",
        "url" : "https://api.github.com/users/bbonanno",
        "contributions" : 1
      },
      {
        "login" : "wojda",
        "avatarUrl" : "https://avatars.githubusercontent.com/u/3869128?v=4",
        "url" : "https://api.github.com/users/wojda",
        "contributions" : 1
      },
      {
        "login" : "joan38",
        "avatarUrl" : "https://avatars.githubusercontent.com/u/1200478?v=4",
        "url" : "https://api.github.com/users/joan38",
        "contributions" : 1
      },
      {
        "login" : "sullivan-",
        "avatarUrl" : "https://avatars.githubusercontent.com/u/518346?v=4",
        "url" : "https://api.github.com/users/sullivan-",
        "contributions" : 1
      },
      {
        "login" : "biochimia",
        "avatarUrl" : "https://avatars.githubusercontent.com/u/1369?v=4",
        "url" : "https://api.github.com/users/biochimia",
        "contributions" : 1
      },
      {
        "login" : "LorenzMende",
        "avatarUrl" : "https://avatars.githubusercontent.com/u/29396072?v=4",
        "url" : "https://api.github.com/users/LorenzMende",
        "contributions" : 1
      },
      {
        "login" : "fancywriter",
        "avatarUrl" : "https://avatars.githubusercontent.com/u/1200256?v=4",
        "url" : "https://api.github.com/users/fancywriter",
        "contributions" : 1
      },
      {
        "login" : "ptrbrn",
        "avatarUrl" : "https://avatars.githubusercontent.com/u/37459?v=4",
        "url" : "https://api.github.com/users/ptrbrn",
        "contributions" : 1
      },
      {
        "login" : "rcostine",
        "avatarUrl" : "https://avatars.githubusercontent.com/u/1369613?v=4",
        "url" : "https://api.github.com/users/rcostine",
        "contributions" : 1
      },
      {
        "login" : "griggt",
        "avatarUrl" : "https://avatars.githubusercontent.com/u/17014833?v=4",
        "url" : "https://api.github.com/users/griggt",
        "contributions" : 1
      },
      {
        "login" : "plinlor",
        "avatarUrl" : "https://avatars.githubusercontent.com/u/8078605?v=4",
        "url" : "https://api.github.com/users/plinlor",
        "contributions" : 1
      },
      {
        "login" : "tim-zh",
        "avatarUrl" : "https://avatars.githubusercontent.com/u/7420409?v=4",
        "url" : "https://api.github.com/users/tim-zh",
        "contributions" : 1
      }
    ],
    "commits" : 5741,
    "topics" : [
    ],
    "contributingGuide" : null,
    "codeOfConduct" : null,
    "chatroom" : "https://gitter.im/scalatest/scalatest",
    "openIssues" : [
      {
        "number" : 2101,
        "title" : "supersafe_3.1.0:1.1.12 not found when following along the install guide",
        "url" : "https://github.com/scalatest/scalatest/issues/2101"
      },
      {
        "number" : 2100,
        "title" : "JUnit XML Reporter does not produce report for aborted test",
        "url" : "https://github.com/scalatest/scalatest/issues/2100"
      },
      {
        "number" : 2099,
        "title" : "Type check passes incorrectly with F-bounded type parameter",
        "url" : "https://github.com/scalatest/scalatest/issues/2099"
      },
      {
        "number" : 2097,
        "title" : "scala-native Scala 3 support",
        "url" : "https://github.com/scalatest/scalatest/issues/2097"
      },
      {
        "number" : 2096,
        "title" : "[minor-interface improvement] It in funspec should default to a fail.",
        "url" : "https://github.com/scalatest/scalatest/issues/2096"
      },
      {
        "number" : 2092,
        "title" : "Incompatible versions of scala-xml are causing problems with incremental migration to Scala3",
        "url" : "https://github.com/scalatest/scalatest/issues/2092"
      },
      {
        "number" : 2088,
        "title" : "Illegal trait super target found for method withFixture",
        "url" : "https://github.com/scalatest/scalatest/issues/2088"
      },
      {
        "number" : 2087,
        "title" : "Incorrect failure message in assertion -- macro issue?",
        "url" : "https://github.com/scalatest/scalatest/issues/2087"
      },
      {
        "number" : 2080,
        "title" : "Implement full diff mode in string comparison",
        "url" : "https://github.com/scalatest/scalatest/issues/2080"
      },
      {
        "number" : 2077,
        "title" : "Error with \"should be\" asserting Boolean for a function returning Any",
        "url" : "https://github.com/scalatest/scalatest/issues/2077"
      },
      {
        "number" : 2076,
        "title" : "Scalatest doesn't find python modules ",
        "url" : "https://github.com/scalatest/scalatest/issues/2076"
      },
      {
        "number" : 2075,
        "title" : "Capturing println in a JUnit XML reporter",
        "url" : "https://github.com/scalatest/scalatest/issues/2075"
      },
      {
        "number" : 2074,
        "title" : "ScalaFutures for Scala.js",
        "url" : "https://github.com/scalatest/scalatest/issues/2074"
      },
      {
        "number" : 2073,
        "title" : "Combinators for `Assertion`",
        "url" : "https://github.com/scalatest/scalatest/issues/2073"
      },
      {
        "number" : 2071,
        "title" : "inOrder fails when there are duplicates in other positions",
        "url" : "https://github.com/scalatest/scalatest/issues/2071"
      },
      {
        "number" : 2069,
        "title" : "Running org.scalatest.tools.Runner with an invalid Reporter shows exception but then hangs",
        "url" : "https://github.com/scalatest/scalatest/issues/2069"
      },
      {
        "number" : 2062,
        "title" : "Type error not detected by scalatest",
        "url" : "https://github.com/scalatest/scalatest/issues/2062"
      },
      {
        "number" : 2059,
        "title" : "Missing `futureValueImpl` implementation",
        "url" : "https://github.com/scalatest/scalatest/issues/2059"
      },
      {
        "number" : 2056,
        "title" : "Some test specs trigger compiler bug which eats warnings",
        "url" : "https://github.com/scalatest/scalatest/issues/2056"
      },
      {
        "number" : 2049,
        "title" : "Some of scalatest's tests (especially in org.scalatest.concurrent) randomly fail",
        "url" : "https://github.com/scalatest/scalatest/issues/2049"
      },
      {
        "number" : 2038,
        "title" : "Extending the JUnitXmlReporter sometimes results in corrupted XML",
        "url" : "https://github.com/scalatest/scalatest/issues/2038"
      },
      {
        "number" : 2036,
        "title" : "infix usage of matchers",
        "url" : "https://github.com/scalatest/scalatest/issues/2036"
      },
      {
        "number" : 2032,
        "title" : "Cannot call macro defined in the same source file",
        "url" : "https://github.com/scalatest/scalatest/issues/2032"
      },
      {
        "number" : 2031,
        "title" : "Is default execution context on Scala.js really `queue`?",
        "url" : "https://github.com/scalatest/scalatest/issues/2031"
      },
      {
        "number" : 2030,
        "title" : "bad parameter reference at inlining (regression)",
        "url" : "https://github.com/scalatest/scalatest/issues/2030"
      },
      {
        "number" : 2027,
        "title" : "Scala 3.0.0 released",
        "url" : "https://github.com/scalatest/scalatest/issues/2027"
      },
      {
        "number" : 2026,
        "title" : "Can ArrayHelper be made public?",
        "url" : "https://github.com/scalatest/scalatest/issues/2026"
      },
      {
        "number" : 2025,
        "title" : "ScalaTest 3.2.7 refers to 2.0.M6 as the current version",
        "url" : "https://github.com/scalatest/scalatest/issues/2025"
      },
      {
        "number" : 2015,
        "title" : "scalatest xml report without system-out message",
        "url" : "https://github.com/scalatest/scalatest/issues/2015"
      },
      {
        "number" : 2004,
        "title" : "stripMargin type error with sbt 1.5.0, Scala 3.0.0-RC2 and scalatest 3.2.7",
        "url" : "https://github.com/scalatest/scalatest/issues/2004"
      },
      {
        "number" : 1999,
        "title" : "Generate FunSuite and friends that take Assertion as the result type of the test",
        "url" : "https://github.com/scalatest/scalatest/issues/1999"
      },
      {
        "number" : 1997,
        "title" : "Take CanEqual in Scala 3 build for assertResult and should/mustEqual matcher",
        "url" : "https://github.com/scalatest/scalatest/issues/1997"
      },
      {
        "number" : 1994,
        "title" : "Scala.js asynchronous callback testing gives confusing error messages",
        "url" : "https://github.com/scalatest/scalatest/issues/1994"
      },
      {
        "number" : 1978,
        "title" : "Waiting for afterEach in BeforeAndAfter and friends?",
        "url" : "https://github.com/scalatest/scalatest/issues/1978"
      },
      {
        "number" : 1976,
        "title" : "How to access tests metadata?",
        "url" : "https://github.com/scalatest/scalatest/issues/1976"
      },
      {
        "number" : 1975,
        "title" : "Refactor ignored tests to not use Generator.shrink ",
        "url" : "https://github.com/scalatest/scalatest/issues/1975"
      },
      {
        "number" : 1972,
        "title" : "Missing tests on XML report for JUnit suites on 3.0.8",
        "url" : "https://github.com/scalatest/scalatest/issues/1972"
      },
      {
        "number" : 1971,
        "title" : "Can't run JUnit suites on 3.2.2",
        "url" : "https://github.com/scalatest/scalatest/issues/1971"
      },
      {
        "number" : 1970,
        "title" : "Can't compile WordSpec when dotty safe initialization check enabled",
        "url" : "https://github.com/scalatest/scalatest/issues/1970"
      },
      {
        "number" : 1965,
        "title" : "Spread constructor allows zero tolerance, +- operator does not",
        "url" : "https://github.com/scalatest/scalatest/issues/1965"
      },
      {
        "number" : 1964,
        "title" : "TableDrivenPropertyChecks + AsyncWordSpecLike not working when used together",
        "url" : "https://github.com/scalatest/scalatest/issues/1964"
      },
      {
        "number" : 1961,
        "title" : "futureValue doesn't play well with Scala 3",
        "url" : "https://github.com/scalatest/scalatest/issues/1961"
      },
      {
        "number" : 1954,
        "title" : "Uncompleted Future in Async test suite causes a deadlock",
        "url" : "https://github.com/scalatest/scalatest/issues/1954"
      },
      {
        "number" : 1953,
        "title" : "ScalaTest user guide tells users to use org.scalatest.prop.Checkers",
        "url" : "https://github.com/scalatest/scalatest/issues/1953"
      },
      {
        "number" : 1952,
        "title" : "www.scalatest.org responds with 502 Bad Gateway",
        "url" : "https://github.com/scalatest/scalatest/issues/1952"
      },
      {
        "number" : 1951,
        "title" : "Runner Discovery not working in Classpath",
        "url" : "https://github.com/scalatest/scalatest/issues/1951"
      },
      {
        "number" : 1950,
        "title" : "no implicit argument of type org.scalactic.source.Position was found / Scala 3.0.0-M3 ",
        "url" : "https://github.com/scalatest/scalatest/issues/1950"
      },
      {
        "number" : 1947,
        "title" : "'should compile' does not seem to work with scalatest-3.2.3_3.0.0-M3",
        "url" : "https://github.com/scalatest/scalatest/issues/1947"
      },
      {
        "number" : 1938,
        "title" : "Broken links in documentation",
        "url" : "https://github.com/scalatest/scalatest/issues/1938"
      },
      {
        "number" : 1934,
        "title" : "java.lang.NoSuchMethodError: org.scalactic.BooleanMacro when upgrading scalactic from 3.0.x to 3.1.x",
        "url" : "https://github.com/scalatest/scalatest/issues/1934"
      },
      {
        "number" : 1932,
        "title" : "Normalization with explicit DSL not working as documented",
        "url" : "https://github.com/scalatest/scalatest/issues/1932"
      },
      {
        "number" : 1921,
        "title" : "Add ScalaTest Tag(s) to JUnitXmlReporter reports",
        "url" : "https://github.com/scalatest/scalatest/issues/1921"
      },
      {
        "number" : 1920,
        "title" : "Symbol 'type <none>.flatspec.AnyFlatSpec' is missing from the classpath.",
        "url" : "https://github.com/scalatest/scalatest/issues/1920"
      },
      {
        "number" : 1916,
        "title" : "Shrink with the RoseTree",
        "url" : "https://github.com/scalatest/scalatest/issues/1916"
      },
      {
        "number" : 1915,
        "title" : "Missing docs",
        "url" : "https://github.com/scalatest/scalatest/issues/1915"
      },
      {
        "number" : 1906,
        "title" : "JUnit XML output format is invalid",
        "url" : "https://github.com/scalatest/scalatest/issues/1906"
      },
      {
        "number" : 1903,
        "title" : "StackOverflowError",
        "url" : "https://github.com/scalatest/scalatest/issues/1903"
      },
      {
        "number" : 1886,
        "title" : "Why is AMatcher defined with package private scope?",
        "url" : "https://github.com/scalatest/scalatest/issues/1886"
      },
      {
        "number" : 1885,
        "title" : "Support modern Flexmark",
        "url" : "https://github.com/scalatest/scalatest/issues/1885"
      },
      {
        "number" : 1880,
        "title" : "GivenWhenThen doesn't print when async operations are invoked in test",
        "url" : "https://github.com/scalatest/scalatest/issues/1880"
      },
      {
        "number" : 1879,
        "title" : "How to run a limited number of test suites in parallel?",
        "url" : "https://github.com/scalatest/scalatest/issues/1879"
      },
      {
        "number" : 1852,
        "title" : "genRegularTests4 fails (order-dependent)",
        "url" : "https://github.com/scalatest/scalatest/issues/1852"
      },
      {
        "number" : 1848,
        "title" : "Broken links to doc.scalatest.org in documentation",
        "url" : "https://github.com/scalatest/scalatest/issues/1848"
      },
      {
        "number" : 1845,
        "title" : "deprecation warning with scala 2.13.3",
        "url" : "https://github.com/scalatest/scalatest/issues/1845"
      },
      {
        "number" : 1835,
        "title" : "Documentation is out-of-date",
        "url" : "https://github.com/scalatest/scalatest/issues/1835"
      },
      {
        "number" : 1833,
        "title" : "feature request : distribute test execution within several CI jobs",
        "url" : "https://github.com/scalatest/scalatest/issues/1833"
      },
      {
        "number" : 1829,
        "title" : "Failed to execute goal org.scalatest:scalatest-maven-plugin:2.0.0:test",
        "url" : "https://github.com/scalatest/scalatest/issues/1829"
      },
      {
        "number" : 1826,
        "title" : "Incomplete JUnit XML report when rerunning failed tests",
        "url" : "https://github.com/scalatest/scalatest/issues/1826"
      },
      {
        "number" : 1825,
        "title" : "Use of deprecated FlatSpec in example code",
        "url" : "https://github.com/scalatest/scalatest/issues/1825"
      },
      {
        "number" : 1818,
        "title" : "Pegdown is EOL",
        "url" : "https://github.com/scalatest/scalatest/issues/1818"
      },
      {
        "number" : 1813,
        "title" : "Can completed GivenWhenThen steps be printed on test failure?",
        "url" : "https://github.com/scalatest/scalatest/issues/1813"
      },
      {
        "number" : 1805,
        "title" : "Artima SuperSafe install documentation incorrect",
        "url" : "https://github.com/scalatest/scalatest/issues/1805"
      },
      {
        "number" : 1801,
        "title" : "Aborted Tests allow Jenkins build to pass when using JUnitXmlReporter",
        "url" : "https://github.com/scalatest/scalatest/issues/1801"
      },
      {
        "number" : 1800,
        "title" : "Quick start does not compile",
        "url" : "https://github.com/scalatest/scalatest/issues/1800"
      },
      {
        "number" : 1799,
        "title" : "Need JUnit5 Support",
        "url" : "https://github.com/scalatest/scalatest/issues/1799"
      },
      {
        "number" : 1798,
        "title" : "Reference to absolute file path when compiling FunSuite with Dotty",
        "url" : "https://github.com/scalatest/scalatest/issues/1798"
      },
      {
        "number" : 1797,
        "title" : "additional classpath for testcases ",
        "url" : "https://github.com/scalatest/scalatest/issues/1797"
      },
      {
        "number" : 1796,
        "title" : "Version 3.0.1 ships with a compile time dependency on slf4j-log4j",
        "url" : "https://github.com/scalatest/scalatest/issues/1796"
      },
      {
        "number" : 1788,
        "title" : "private val in case class",
        "url" : "https://github.com/scalatest/scalatest/issues/1788"
      },
      {
        "number" : 1787,
        "title" : "Does not work with Scalacheck Commands",
        "url" : "https://github.com/scalatest/scalatest/issues/1787"
      },
      {
        "number" : 1786,
        "title" : "pendingUntilFixed doesn't handle async tests",
        "url" : "https://github.com/scalatest/scalatest/issues/1786"
      },
      {
        "number" : 1780,
        "title" : "Document how to use JUnitRunner in 3.x",
        "url" : "https://github.com/scalatest/scalatest/issues/1780"
      },
      {
        "number" : 1773,
        "title" : "Odd Tolerance range",
        "url" : "https://github.com/scalatest/scalatest/issues/1773"
      },
      {
        "number" : 1766,
        "title" : "Feature Request: Follow Maven SNAPSHOT versioning convention",
        "url" : "https://github.com/scalatest/scalatest/issues/1766"
      },
      {
        "number" : 1765,
        "title" : "scala-native: linking issues",
        "url" : "https://github.com/scalatest/scalatest/issues/1765"
      },
      {
        "number" : 1762,
        "title" : "How to use scalatest in a Dotty project?",
        "url" : "https://github.com/scalatest/scalatest/issues/1762"
      },
      {
        "number" : 1756,
        "title" : "Dotty build fails with Java 11.",
        "url" : "https://github.com/scalatest/scalatest/issues/1756"
      },
      {
        "number" : 1753,
        "title" : "Provide a mechanism to exclude suites using maven",
        "url" : "https://github.com/scalatest/scalatest/issues/1753"
      },
      {
        "number" : 1751,
        "title" : "StackOverflowError: null at org.scalactic.ObjectDiffer.difference",
        "url" : "https://github.com/scalatest/scalatest/issues/1751"
      },
      {
        "number" : 1750,
        "title" : "Implement Runner.scala todo - should shange the class name to org.scalatestplus.junit.JUnitWrapperSuite after we move junit out",
        "url" : "https://github.com/scalatest/scalatest/issues/1750"
      },
      {
        "number" : 1748,
        "title" : "Imported Twice in Same Scope for Matchers._ and TypeCheckedTripleEquals._",
        "url" : "https://github.com/scalatest/scalatest/issues/1748"
      },
      {
        "number" : 1744,
        "title" : "Documentation 'Using EitherValues' appears to be outdated",
        "url" : "https://github.com/scalatest/scalatest/issues/1744"
      },
      {
        "number" : 1737,
        "title" : "Disable SuperSafe warning...",
        "url" : "https://github.com/scalatest/scalatest/issues/1737"
      },
      {
        "number" : 1736,
        "title" : "Document flexmark dependency for test reports",
        "url" : "https://github.com/scalatest/scalatest/issues/1736"
      },
      {
        "number" : 1735,
        "title" : "GeneratorDrivenPropertyChecks and PropertyChecks are Gone in 3.1.0",
        "url" : "https://github.com/scalatest/scalatest/issues/1735"
      },
      {
        "number" : 1734,
        "title" : "java.lang.NoClassDefFoundError: org/scalatest/Matchers",
        "url" : "https://github.com/scalatest/scalatest/issues/1734"
      },
      {
        "number" : 1733,
        "title" : "Return Status from Suite#execute(String, ConfigMap, Boolean, Boolean, Boolean, Boolean, Boolean)",
        "url" : "https://github.com/scalatest/scalatest/issues/1733"
      },
      {
        "number" : 1722,
        "title" : "ScalaTest 3.0.8 documentation refers to 3.0.1 API docs",
        "url" : "https://github.com/scalatest/scalatest/issues/1722"
      },
      {
        "number" : 1721,
        "title" : "Quickstart code fails with java.lang.NoClassDefFoundError: scala/xml/NamespaceBinding",
        "url" : "https://github.com/scalatest/scalatest/issues/1721"
      },
      {
        "number" : 1720,
        "title" : "Scalajs & Intellij: NoClassDefFoundError: org/scalatest/tools/Runner",
        "url" : "https://github.com/scalatest/scalatest/issues/1720"
      },
      {
        "number" : 1718,
        "title" : "java.lang.NoClassDefFoundError: org/scalatest/tools/Runner",
        "url" : "https://github.com/scalatest/scalatest/issues/1718"
      },
      {
        "number" : 1717,
        "title" : "-Ywarn-value-discard incompatible with Matchers",
        "url" : "https://github.com/scalatest/scalatest/issues/1717"
      },
      {
        "number" : 1716,
        "title" : "Web site WrapWith no-arg constructor requires arg mistake",
        "url" : "https://github.com/scalatest/scalatest/issues/1716"
      },
      {
        "number" : 1715,
        "title" : "Documentation for v3.1",
        "url" : "https://github.com/scalatest/scalatest/issues/1715"
      },
      {
        "number" : 1704,
        "title" : "ConfigMapWrapperSuite crashes when used with @WrapWith",
        "url" : "https://github.com/scalatest/scalatest/issues/1704"
      },
      {
        "number" : 1703,
        "title" : "-z does not work with nestedSuites",
        "url" : "https://github.com/scalatest/scalatest/issues/1703"
      },
      {
        "number" : 1696,
        "title" : "Documentation for specifying a non-global resolver for SuperSafe",
        "url" : "https://github.com/scalatest/scalatest/issues/1696"
      },
      {
        "number" : 1692,
        "title" : "Rework release to do external modularization in 3.1.0, internal modularization in 3.2.0",
        "url" : "https://github.com/scalatest/scalatest/issues/1692"
      },
      {
        "number" : 1689,
        "title" : "Release org.scalatest.compatible in its own artifact",
        "url" : "https://github.com/scalatest/scalatest/issues/1689"
      },
      {
        "number" : 1686,
        "title" : "Should Mockito exceptions like `WantedButNotInvoked` be caught in an `eventually` block?",
        "url" : "https://github.com/scalatest/scalatest/issues/1686"
      },
      {
        "number" : 1685,
        "title" : "JUnitRunner ignores unreported exceptions",
        "url" : "https://github.com/scalatest/scalatest/issues/1685"
      },
      {
        "number" : 1684,
        "title" : "Support for OR (||) in Validation",
        "url" : "https://github.com/scalatest/scalatest/issues/1684"
      },
      {
        "number" : 1679,
        "title" : "Replacement for using symbols as property matchers for 2.13+",
        "url" : "https://github.com/scalatest/scalatest/issues/1679"
      },
      {
        "number" : 1677,
        "title" : "Aborted tests are not shown in the HTML report",
        "url" : "https://github.com/scalatest/scalatest/issues/1677"
      },
      {
        "number" : 1676,
        "title" : "Exceptions outside it scope always result in RunAborted when using Runner",
        "url" : "https://github.com/scalatest/scalatest/issues/1676"
      },
      {
        "number" : 1675,
        "title" : "Add some timeout or report failing code",
        "url" : "https://github.com/scalatest/scalatest/issues/1675"
      },
      {
        "number" : 1674,
        "title" : "Add support for idempotency",
        "url" : "https://github.com/scalatest/scalatest/issues/1674"
      },
      {
        "number" : 1658,
        "title" : "Modularize ScalaTest for the 3.1.0 release",
        "url" : "https://github.com/scalatest/scalatest/issues/1658"
      },
      {
        "number" : 1657,
        "title" : "Scalafix for 3.1.0",
        "url" : "https://github.com/scalatest/scalatest/issues/1657"
      },
      {
        "number" : 1656,
        "title" : "TODO list for 3.1 release on 2.13?",
        "url" : "https://github.com/scalatest/scalatest/issues/1656"
      },
      {
        "number" : 1645,
        "title" : "System properties not set in ScalaTest 2.2.6",
        "url" : "https://github.com/scalatest/scalatest/issues/1645"
      },
      {
        "number" : 1626,
        "title" : "Add the ability to set SCALACTIC_FILL_FILE_PATHNAMES via a java property",
        "url" : "https://github.com/scalatest/scalatest/issues/1626"
      },
      {
        "number" : 1624,
        "title" : "v3.0.8 Release Notes Do Not Mention Scala 2.13",
        "url" : "https://github.com/scalatest/scalatest/issues/1624"
      },
      {
        "number" : 1622,
        "title" : "scalatest 3.0.8 - deprecated Checkers in the new package",
        "url" : "https://github.com/scalatest/scalatest/issues/1622"
      },
      {
        "number" : 1621,
        "title" : "Original failure message is not shown for Cancelled test in html report when using Retries trait",
        "url" : "https://github.com/scalatest/scalatest/issues/1621"
      },
      {
        "number" : 1620,
        "title" : "Duplicate elements forbidden when matching an ordered collection?",
        "url" : "https://github.com/scalatest/scalatest/issues/1620"
      },
      {
        "number" : 1614,
        "title" : "See if deprecated FunSuite can be a type alias instead of a class in 3.1.x",
        "url" : "https://github.com/scalatest/scalatest/issues/1614"
      },
      {
        "number" : 1608,
        "title" : "Reports from JUnit/HTML Reports are incomplete when re-running failed tests using -A option",
        "url" : "https://github.com/scalatest/scalatest/issues/1608"
      },
      {
        "number" : 1601,
        "title" : "Publish for Scala 2.13.0 (yes, it's now released!)",
        "url" : "https://github.com/scalatest/scalatest/issues/1601"
      },
      {
        "number" : 1582,
        "title" : "Incomplete output with AsyncWordSpec",
        "url" : "https://github.com/scalatest/scalatest/issues/1582"
      },
      {
        "number" : 1580,
        "title" : "Wiremock Not Listening on HTTP Port Issue",
        "url" : "https://github.com/scalatest/scalatest/issues/1580"
      },
      {
        "number" : 1576,
        "title" : "3.0.8 Release and AutoFix Support",
        "url" : "https://github.com/scalatest/scalatest/issues/1576"
      },
      {
        "number" : 1575,
        "title" : "\"Full stack trace\" in JS is truncated at 2 frames of user code",
        "url" : "https://github.com/scalatest/scalatest/issues/1575"
      },
      {
        "number" : 1556,
        "title" : "Receive test tags in custom reporter event",
        "url" : "https://github.com/scalatest/scalatest/issues/1556"
      },
      {
        "number" : 1552,
        "title" : "Https certificate error on https://www.scalatest.org",
        "url" : "https://github.com/scalatest/scalatest/issues/1552"
      },
      {
        "number" : 1544,
        "title" : "Exception printing: option to print stack trace depth using printStackTrace",
        "url" : "https://github.com/scalatest/scalatest/issues/1544"
      },
      {
        "number" : 1542,
        "title" : "Documentation of containsOnly and sameElementsAs is unclear",
        "url" : "https://github.com/scalatest/scalatest/issues/1542"
      },
      {
        "number" : 1541,
        "title" : "How to force Generators to produce distinct values? (v3.1.0-SNAP8)",
        "url" : "https://github.com/scalatest/scalatest/issues/1541"
      },
      {
        "number" : 1538,
        "title" : "Create a common typeclass for Scalactic Anyvals",
        "url" : "https://github.com/scalatest/scalatest/issues/1538"
      },
      {
        "number" : 1535,
        "title" : "Scala reflection is used in framework initialization",
        "url" : "https://github.com/scalatest/scalatest/issues/1535"
      },
      {
        "number" : 1525,
        "title" : "Please implement shrinking for arities 2 through 6",
        "url" : "https://github.com/scalatest/scalatest/issues/1525"
      },
      {
        "number" : 1524,
        "title" : "Fill in missing canonicals and shrink methods",
        "url" : "https://github.com/scalatest/scalatest/issues/1524"
      },
      {
        "number" : 1519,
        "title" : "Please make generators for options, eithers, or ors",
        "url" : "https://github.com/scalatest/scalatest/issues/1519"
      },
      {
        "number" : 1517,
        "title" : "Please ensure underlying exception is displayed when a property-based test fails",
        "url" : "https://github.com/scalatest/scalatest/issues/1517"
      },
      {
        "number" : 1504,
        "title" : "-n option should have higher priority than -l",
        "url" : "https://github.com/scalatest/scalatest/issues/1504"
      },
      {
        "number" : 1500,
        "title" : "Please add a Chooser typeclass to prop in 3.1.x",
        "url" : "https://github.com/scalatest/scalatest/issues/1500"
      },
      {
        "number" : 1495,
        "title" : "Add \"ignoreRest\" option",
        "url" : "https://github.com/scalatest/scalatest/issues/1495"
      },
      {
        "number" : 1492,
        "title" : "`sbt test` fails",
        "url" : "https://github.com/scalatest/scalatest/issues/1492"
      },
      {
        "number" : 1487,
        "title" : "PatienceConfig should not be a path-dependant type",
        "url" : "https://github.com/scalatest/scalatest/issues/1487"
      },
      {
        "number" : 1481,
        "title" : "Usage of fields before they are initialized",
        "url" : "https://github.com/scalatest/scalatest/issues/1481"
      },
      {
        "number" : 1475,
        "title" : "No RunStarted/RunCompleted events using run with custom reporter",
        "url" : "https://github.com/scalatest/scalatest/issues/1475"
      },
      {
        "number" : 1473,
        "title" : "chooseFloat() and its variants are seriously broken",
        "url" : "https://github.com/scalatest/scalatest/issues/1473"
      },
      {
        "number" : 1472,
        "title" : "Why is `forNo` inspector `private[scalatest]`? ",
        "url" : "https://github.com/scalatest/scalatest/issues/1472"
      },
      {
        "number" : 1471,
        "title" : "GeneratorDrivenPropertyChecks: sizeRange isn't respected when a generator is filtered, or there is a whenever clause",
        "url" : "https://github.com/scalatest/scalatest/issues/1471"
      },
      {
        "number" : 1470,
        "title" : "InfoProvided event doesn't appear to trigger for custom Reporter",
        "url" : "https://github.com/scalatest/scalatest/issues/1470"
      },
      {
        "number" : 1469,
        "title" : "Investigate behavior of Randomizer.nextPosDouble",
        "url" : "https://github.com/scalatest/scalatest/issues/1469"
      },
      {
        "number" : 1468,
        "title" : "Investigate Randomizer.nextFloat and nextDouble in light of nextFiniteDouble",
        "url" : "https://github.com/scalatest/scalatest/issues/1468"
      },
      {
        "number" : 1467,
        "title" : "Backport -S seed setting feature from 3.2.x to 3.1.x",
        "url" : "https://github.com/scalatest/scalatest/issues/1467"
      },
      {
        "number" : 1463,
        "title" : "Document ScalaTest Generator in org.scalatest.prop package in 3.1.x",
        "url" : "https://github.com/scalatest/scalatest/issues/1463"
      },
      {
        "number" : 1460,
        "title" : "Rename style traits in 3.1.x",
        "url" : "https://github.com/scalatest/scalatest/issues/1460"
      },
      {
        "number" : 1459,
        "title" : "Change packages of mocking and Java testing to scalatestplus",
        "url" : "https://github.com/scalatest/scalatest/issues/1459"
      },
      {
        "number" : 1456,
        "title" : "Change package to org.scalatestplus.scalacheck",
        "url" : "https://github.com/scalatest/scalatest/issues/1456"
      },
      {
        "number" : 1454,
        "title" : "Add support for JUnit5 and provide a solution for JUnitRunner as an Extension",
        "url" : "https://github.com/scalatest/scalatest/issues/1454"
      },
      {
        "number" : 1451,
        "title" : "\"theSameElementsInOrderAs\" does not tell you which element differed",
        "url" : "https://github.com/scalatest/scalatest/issues/1451"
      },
      {
        "number" : 1450,
        "title" : "Provide Standard Reporter Option to Exclude TestCanceledException Stack Traces",
        "url" : "https://github.com/scalatest/scalatest/issues/1450"
      },
      {
        "number" : 1448,
        "title" : "Why is JUnitRunner final?",
        "url" : "https://github.com/scalatest/scalatest/issues/1448"
      },
      {
        "number" : 1445,
        "title" : "SuiteAborted must not assume that message is non-null",
        "url" : "https://github.com/scalatest/scalatest/issues/1445"
      },
      {
        "number" : 1443,
        "title" : "Why won't scalatest compile?",
        "url" : "https://github.com/scalatest/scalatest/issues/1443"
      },
      {
        "number" : 1437,
        "title" : "Please make a PR for pulling 3.1.x into 3.2.x",
        "url" : "https://github.com/scalatest/scalatest/issues/1437"
      },
      {
        "number" : 1436,
        "title" : "Deprecate to and until on Double/Float anyvals in 3.0.x",
        "url" : "https://github.com/scalatest/scalatest/issues/1436"
      },
      {
        "number" : 1434,
        "title" : "Proposal to deprecate whenReady",
        "url" : "https://github.com/scalatest/scalatest/issues/1434"
      },
      {
        "number" : 1433,
        "title" : "How to avoid returning `IO[Assertion]` where `testFun` is `: => Any`",
        "url" : "https://github.com/scalatest/scalatest/issues/1433"
      },
      {
        "number" : 1432,
        "title" : "akka test passes when it should fail",
        "url" : "https://github.com/scalatest/scalatest/issues/1432"
      },
      {
        "number" : 1430,
        "title" : "have property matchers fail on Refined types.",
        "url" : "https://github.com/scalatest/scalatest/issues/1430"
      },
      {
        "number" : 1425,
        "title" : "Add a `continuously` construct (the dual of `eventually`)",
        "url" : "https://github.com/scalatest/scalatest/issues/1425"
      },
      {
        "number" : 1424,
        "title" : "Dependency Resolution with com.holdenkarau:spark-testing-base",
        "url" : "https://github.com/scalatest/scalatest/issues/1424"
      },
      {
        "number" : 1421,
        "title" : "Original error message is replaced when using TimeLimitedTests trait",
        "url" : "https://github.com/scalatest/scalatest/issues/1421"
      },
      {
        "number" : 1420,
        "title" : "Forked Runs from ScalaTestAntTask with a long classpath causes 'error=7, Argument list too long' IOExceptions",
        "url" : "https://github.com/scalatest/scalatest/issues/1420"
      },
      {
        "number" : 1419,
        "title" : "Inside.inside fails when passing null",
        "url" : "https://github.com/scalatest/scalatest/issues/1419"
      },
      {
        "number" : 1415,
        "title" : "Classloading issue in 3.2.0-SNAP10 on JDK10",
        "url" : "https://github.com/scalatest/scalatest/issues/1415"
      },
      {
        "number" : 1414,
        "title" : "How to delineate specs in test output",
        "url" : "https://github.com/scalatest/scalatest/issues/1414"
      },
      {
        "number" : 1413,
        "title" : "Invalid time in JUnit XML reports for ignored tests",
        "url" : "https://github.com/scalatest/scalatest/issues/1413"
      },
      {
        "number" : 1408,
        "title" : "Ignored tests in wrapped TestNG Suites cause RuntimeException to be thrown in JUnitXmlReporter",
        "url" : "https://github.com/scalatest/scalatest/issues/1408"
      },
      {
        "number" : 1398,
        "title" : "PrivateMethodTester does not work with Mockito Spy objects",
        "url" : "https://github.com/scalatest/scalatest/issues/1398"
      },
      {
        "number" : 1391,
        "title" : "Create a new snapshot...",
        "url" : "https://github.com/scalatest/scalatest/issues/1391"
      },
      {
        "number" : 1390,
        "title" : "Provide option to fail on cancelled and pending tests",
        "url" : "https://github.com/scalatest/scalatest/issues/1390"
      },
      {
        "number" : 1386,
        "title" : "Inaccessible tests are silently ignored",
        "url" : "https://github.com/scalatest/scalatest/issues/1386"
      },
      {
        "number" : 1385,
        "title" : "Wrong error message when duplicate test names inside a forAll clause",
        "url" : "https://github.com/scalatest/scalatest/issues/1385"
      },
      {
        "number" : 1382,
        "title" : "Pretty print the scalacheck args",
        "url" : "https://github.com/scalatest/scalatest/issues/1382"
      },
      {
        "number" : 1374,
        "title" : "Bust up JavaScript tests so we can run them on Travis",
        "url" : "https://github.com/scalatest/scalatest/issues/1374"
      },
      {
        "number" : 1370,
        "title" : "Cannot use custom scalacheck generators with AsyncWordSpec/GeneratorDrivenPropertyChecks",
        "url" : "https://github.com/scalatest/scalatest/issues/1370"
      },
      {
        "number" : 1368,
        "title" : "Support for ScalaCheck 1.14.0 / deterministic testing",
        "url" : "https://github.com/scalatest/scalatest/issues/1368"
      },
      {
        "number" : 1363,
        "title" : "Formatting/usability question",
        "url" : "https://github.com/scalatest/scalatest/issues/1363"
      },
      {
        "number" : 1362,
        "title" : "Postfix Compiler Error",
        "url" : "https://github.com/scalatest/scalatest/issues/1362"
      },
      {
        "number" : 1361,
        "title" : "DiagrammedAssertions cause compile errors with PropSpec",
        "url" : "https://github.com/scalatest/scalatest/issues/1361"
      },
      {
        "number" : 1353,
        "title" : "Hard to implement SuiteMixin correctly because Suite object is private",
        "url" : "https://github.com/scalatest/scalatest/issues/1353"
      },
      {
        "number" : 1352,
        "title" : "assertDoesNotCompile won't compile with -Xfatal-warnings",
        "url" : "https://github.com/scalatest/scalatest/issues/1352"
      },
      {
        "number" : 1350,
        "title" : "\"The code passed to eventually never returned normally\" error message is semantically confusing",
        "url" : "https://github.com/scalatest/scalatest/issues/1350"
      },
      {
        "number" : 1349,
        "title" : "Cats integration ?",
        "url" : "https://github.com/scalatest/scalatest/issues/1349"
      },
      {
        "number" : 1348,
        "title" : "ant scalatest task is missing failureproperty",
        "url" : "https://github.com/scalatest/scalatest/issues/1348"
      },
      {
        "number" : 1347,
        "title" : "In class definitions, assertDoesNotCompile fails to detect a contravariant type in covariant position and vice versa",
        "url" : "https://github.com/scalatest/scalatest/issues/1347"
      },
      {
        "number" : 1346,
        "title" : "Performance degrades quadratically with number of test-cases registered",
        "url" : "https://github.com/scalatest/scalatest/issues/1346"
      },
      {
        "number" : 1345,
        "title" : "Compilation error: ambiguous reference to === when using `x should === (y)` syntax.",
        "url" : "https://github.com/scalatest/scalatest/issues/1345"
      },
      {
        "number" : 1343,
        "title" : "Constructor gets called even when all the tests from test suite are ignored",
        "url" : "https://github.com/scalatest/scalatest/issues/1343"
      },
      {
        "number" : 1342,
        "title" : "ScalaTest within SBT doesn't work with Scala 2.12.5",
        "url" : "https://github.com/scalatest/scalatest/issues/1342"
      },
      {
        "number" : 1330,
        "title" : "Incorrect test count summary with ScalaTest 3.0.5/Scala.js 0.6.22",
        "url" : "https://github.com/scalatest/scalatest/issues/1330"
      },
      {
        "number" : 1329,
        "title" : "WebBrowser.Element.isDisplayed guarantees changed in 3.0.5",
        "url" : "https://github.com/scalatest/scalatest/issues/1329"
      },
      {
        "number" : 1326,
        "title" : "Operator Precedence:  !== may give different result than !=",
        "url" : "https://github.com/scalatest/scalatest/issues/1326"
      },
      {
        "number" : 1324,
        "title" : "Feature request/discussion: a better asInstanceOf",
        "url" : "https://github.com/scalatest/scalatest/issues/1324"
      },
      {
        "number" : 1320,
        "title" : "How to do AsyncFlatSpec with Property-based testing?",
        "url" : "https://github.com/scalatest/scalatest/issues/1320"
      },
      {
        "number" : 1317,
        "title" : "assertDoesNotCompile does not detect missing implementation neither illegal overloading",
        "url" : "https://github.com/scalatest/scalatest/issues/1317"
      },
      {
        "number" : 1312,
        "title" : "When printing out arrays in error messages, show their contents instead of their hashcode",
        "url" : "https://github.com/scalatest/scalatest/issues/1312"
      },
      {
        "number" : 1310,
        "title" : "A \"val org\" causes \"value scalatest is not a member of ...\"",
        "url" : "https://github.com/scalatest/scalatest/issues/1310"
      },
      {
        "number" : 1301,
        "title" : "List containing empty string looks like empty list",
        "url" : "https://github.com/scalatest/scalatest/issues/1301"
      },
      {
        "number" : 1299,
        "title" : "Scala.js 1.0.0-M2 support",
        "url" : "https://github.com/scalatest/scalatest/issues/1299"
      },
      {
        "number" : 1289,
        "title" : "Is there an option to stop the runner at discovery phase?",
        "url" : "https://github.com/scalatest/scalatest/issues/1289"
      },
      {
        "number" : 1287,
        "title" : "Support for explicit waits",
        "url" : "https://github.com/scalatest/scalatest/issues/1287"
      },
      {
        "number" : 1285,
        "title" : "Please fix merge conflicts pulling 3.1.x to 3.2.x",
        "url" : "https://github.com/scalatest/scalatest/issues/1285"
      },
      {
        "number" : 1277,
        "title" : "Please make a PR to pull PrettyPair changes from 3.1.x into 3.2.x",
        "url" : "https://github.com/scalatest/scalatest/issues/1277"
      },
      {
        "number" : 1275,
        "title" : "Find an automated way to ask for CLA when a pull request is made to ScalaTest projects",
        "url" : "https://github.com/scalatest/scalatest/issues/1275"
      },
      {
        "number" : 1274,
        "title" : "Deprecate and rename to prepare the way for modularization of ScalaTest",
        "url" : "https://github.com/scalatest/scalatest/issues/1274"
      },
      {
        "number" : 1272,
        "title" : "Bug in assert with interpolated string",
        "url" : "https://github.com/scalatest/scalatest/issues/1272"
      },
      {
        "number" : 1265,
        "title" : "Propose GNU-style command line option keywords for ScalaTest",
        "url" : "https://github.com/scalatest/scalatest/issues/1265"
      },
      {
        "number" : 1264,
        "title" : "Define a hierarchy of \"properties\" for ScalaTest's testing styles",
        "url" : "https://github.com/scalatest/scalatest/issues/1264"
      },
      {
        "number" : 1259,
        "title" : "Failed test reminders with multi-module projects",
        "url" : "https://github.com/scalatest/scalatest/issues/1259"
      },
      {
        "number" : 1257,
        "title" : "Scalatest 2.2.1: Problems getting all suites shown for HTML report in multi project build",
        "url" : "https://github.com/scalatest/scalatest/issues/1257"
      },
      {
        "number" : 1251,
        "title" : "PlusOrMinusWrapper with Int/Long Overflow faiing",
        "url" : "https://github.com/scalatest/scalatest/issues/1251"
      },
      {
        "number" : 1247,
        "title" : "Documentation error? Reads \"test-only\" but should be \"testOnly\"",
        "url" : "https://github.com/scalatest/scalatest/issues/1247"
      },
      {
        "number" : 1232,
        "title" : "Make Prettifier.diffStrings configurable",
        "url" : "https://github.com/scalatest/scalatest/issues/1232"
      },
      {
        "number" : 1231,
        "title" : "TripleEqualsSupport doesn't work properly with Matchers",
        "url" : "https://github.com/scalatest/scalatest/issues/1231"
      },
      {
        "number" : 1224,
        "title" : "contain syntax does not work for maps",
        "url" : "https://github.com/scalatest/scalatest/issues/1224"
      },
      {
        "number" : 1220,
        "title" : "Allow configuration of ChromeOptions in the the Chrome trait",
        "url" : "https://github.com/scalatest/scalatest/issues/1220"
      },
      {
        "number" : 1215,
        "title" : "Study and make a low hanging cherry pick PR from Dotty port",
        "url" : "https://github.com/scalatest/scalatest/issues/1215"
      },
      {
        "number" : 1213,
        "title" : "Selenium extends with Chrome",
        "url" : "https://github.com/scalatest/scalatest/issues/1213"
      },
      {
        "number" : 1210,
        "title" : "Make MessageRecorder thread-safe",
        "url" : "https://github.com/scalatest/scalatest/issues/1210"
      },
      {
        "number" : 1209,
        "title" : "Running scalatest with interpolated string",
        "url" : "https://github.com/scalatest/scalatest/issues/1209"
      },
      {
        "number" : 1207,
        "title" : "Outdated user guide",
        "url" : "https://github.com/scalatest/scalatest/issues/1207"
      },
      {
        "number" : 1205,
        "title" : "Test names are stripped before a \".\" (dot)",
        "url" : "https://github.com/scalatest/scalatest/issues/1205"
      },
      {
        "number" : 1202,
        "title" : "`shouldNot compile`does not work with implicit conversions",
        "url" : "https://github.com/scalatest/scalatest/issues/1202"
      },
      {
        "number" : 1199,
        "title" : "Add extra customization for logging. ",
        "url" : "https://github.com/scalatest/scalatest/issues/1199"
      },
      {
        "number" : 1198,
        "title" : "Forked test does not report reminder output to stdout with sbt",
        "url" : "https://github.com/scalatest/scalatest/issues/1198"
      },
      {
        "number" : 1196,
        "title" : "recoverToSucceededIf doesn't fail test when thrown exception as same constructor parameter than expected exception",
        "url" : "https://github.com/scalatest/scalatest/issues/1196"
      },
      {
        "number" : 1195,
        "title" : "assertDoesNotCompile does not work on phantom types",
        "url" : "https://github.com/scalatest/scalatest/issues/1195"
      },
      {
        "number" : 1194,
        "title" : "Example Async test fails with standard scalajs execution context",
        "url" : "https://github.com/scalatest/scalatest/issues/1194"
      },
      {
        "number" : 1192,
        "title" : "JUnit test reporting does not use test names or unique IDs",
        "url" : "https://github.com/scalatest/scalatest/issues/1192"
      },
      {
        "number" : 1191,
        "title" : "HTML text input with @type=\"number\" cannot be retrieved with textField()",
        "url" : "https://github.com/scalatest/scalatest/issues/1191"
      },
      {
        "number" : 1190,
        "title" : "Combine path-dependent and async tests",
        "url" : "https://github.com/scalatest/scalatest/issues/1190"
      },
      {
        "number" : 1187,
        "title" : "Scala class names are not demangled correctly",
        "url" : "https://github.com/scalatest/scalatest/issues/1187"
      },
      {
        "number" : 1186,
        "title" : "Documentation needs to be updated for ScalaMock 3",
        "url" : "https://github.com/scalatest/scalatest/issues/1186"
      },
      {
        "number" : 1184,
        "title" : "Adding a description to ignore",
        "url" : "https://github.com/scalatest/scalatest/issues/1184"
      },
      {
        "number" : 1183,
        "title" : "Adding logging of all events to ScalaTest execution report",
        "url" : "https://github.com/scalatest/scalatest/issues/1183"
      },
      {
        "number" : 1180,
        "title" : "How to build",
        "url" : "https://github.com/scalatest/scalatest/issues/1180"
      },
      {
        "number" : 1175,
        "title" : "java.util.TimerThread not stopped after test is finished",
        "url" : "https://github.com/scalatest/scalatest/issues/1175"
      },
      {
        "number" : 1174,
        "title" : "Scalactic v3.0.3 | Scala v2.12.2 | Implicits from TypeCheckedTripleEquals TRAIT are not picked up when mixed into a PACKAGE object",
        "url" : "https://github.com/scalatest/scalatest/issues/1174"
      },
      {
        "number" : 1173,
        "title" : "Inside link gets 404",
        "url" : "https://github.com/scalatest/scalatest/issues/1173"
      },
      {
        "number" : 1172,
        "title" : "scalatest.concurrent.ScalaFutures.futureValue throws TestFailedException for failed futures",
        "url" : "https://github.com/scalatest/scalatest/issues/1172"
      },
      {
        "number" : 1166,
        "title" : "Non-compilation erroneously detected when using Contextual's string interpolation",
        "url" : "https://github.com/scalatest/scalatest/issues/1166"
      },
      {
        "number" : 1165,
        "title" : "Implicit search fails when using -Ypartial-unification",
        "url" : "https://github.com/scalatest/scalatest/issues/1165"
      },
      {
        "number" : 1163,
        "title" : "Exception executing Runner with version 3.x.x",
        "url" : "https://github.com/scalatest/scalatest/issues/1163"
      },
      {
        "number" : 1162,
        "title" : "`a shouldBe > b` fails for comparison between Int and Long",
        "url" : "https://github.com/scalatest/scalatest/issues/1162"
      },
      {
        "number" : 1161,
        "title" : "Add @noinline for faster Scala.js incremental linking times",
        "url" : "https://github.com/scalatest/scalatest/issues/1161"
      },
      {
        "number" : 1157,
        "title" : "Can't use readline to pause within test",
        "url" : "https://github.com/scalatest/scalatest/issues/1157"
      },
      {
        "number" : 1156,
        "title" : "Cannot install supersafe with scala 2.12.2",
        "url" : "https://github.com/scalatest/scalatest/issues/1156"
      },
      {
        "number" : 1153,
        "title" : "Xml and HtmlReporter assume one-to-one ratio of class names to suite names/ids",
        "url" : "https://github.com/scalatest/scalatest/issues/1153"
      },
      {
        "number" : 1150,
        "title" : "Compile checking broken for unimplemented members of non-abstract classes",
        "url" : "https://github.com/scalatest/scalatest/issues/1150"
      },
      {
        "number" : 1149,
        "title" : "Configure Logging on the CLI",
        "url" : "https://github.com/scalatest/scalatest/issues/1149"
      },
      {
        "number" : 1146,
        "title" : "scalatest checkers for scalacheck ",
        "url" : "https://github.com/scalatest/scalatest/issues/1146"
      },
      {
        "number" : 1142,
        "title" : "DateTime Tolerance support",
        "url" : "https://github.com/scalatest/scalatest/issues/1142"
      },
      {
        "number" : 1138,
        "title" : "Dotty Support",
        "url" : "https://github.com/scalatest/scalatest/issues/1138"
      },
      {
        "number" : 1126,
        "title" : "Invalid bounds causes java.lang.InternalError: Malformed class name",
        "url" : "https://github.com/scalatest/scalatest/issues/1126"
      },
      {
        "number" : 1120,
        "title" : "DSL Matchers failing on some basic test",
        "url" : "https://github.com/scalatest/scalatest/issues/1120"
      },
      {
        "number" : 1118,
        "title" : "Tests fail on 2.12",
        "url" : "https://github.com/scalatest/scalatest/issues/1118"
      },
      {
        "number" : 1115,
        "title" : "AsyncFeatureSpec does not throw assertion failure on future inside future",
        "url" : "https://github.com/scalatest/scalatest/issues/1115"
      },
      {
        "number" : 1111,
        "title" : "forAll fails to generate new values when a filter returns false.",
        "url" : "https://github.com/scalatest/scalatest/issues/1111"
      },
      {
        "number" : 1110,
        "title" : "Misleading Scaladoc of contain matchers",
        "url" : "https://github.com/scalatest/scalatest/issues/1110"
      },
      {
        "number" : 1107,
        "title" : "Issues using assert within should matcher",
        "url" : "https://github.com/scalatest/scalatest/issues/1107"
      },
      {
        "number" : 1101,
        "title" : "Migrate user guide to 3.0 API",
        "url" : "https://github.com/scalatest/scalatest/issues/1101"
      },
      {
        "number" : 1084,
        "title" : "MatchError regarding an interop class handled badly, aborts test instead of failing it",
        "url" : "https://github.com/scalatest/scalatest/issues/1084"
      },
      {
        "number" : 1075,
        "title" : "Source files missing - 404",
        "url" : "https://github.com/scalatest/scalatest/issues/1075"
      },
      {
        "number" : 1074,
        "title" : "Suite.execute not exported for Scala.js?",
        "url" : "https://github.com/scalatest/scalatest/issues/1074"
      },
      {
        "number" : 1057,
        "title" : "FunSpec: ignored scope displayed as test",
        "url" : "https://github.com/scalatest/scalatest/issues/1057"
      },
      {
        "number" : 1055,
        "title" : "#suggestion: new scalatest tutorial based on hotel management app",
        "url" : "https://github.com/scalatest/scalatest/issues/1055"
      },
      {
        "number" : 1054,
        "title" : "Scala signature Suite error",
        "url" : "https://github.com/scalatest/scalatest/issues/1054"
      },
      {
        "number" : 1053,
        "title" : "case class exceptions in tests will not compile",
        "url" : "https://github.com/scalatest/scalatest/issues/1053"
      },
      {
        "number" : 1039,
        "title" : "Asynchronous Tests in Scala.js with Futures based on Promises",
        "url" : "https://github.com/scalatest/scalatest/issues/1039"
      },
      {
        "number" : 1037,
        "title" : "Cleanup when using OneInstancePerTest not possible?",
        "url" : "https://github.com/scalatest/scalatest/issues/1037"
      },
      {
        "number" : 1025,
        "title" : "whenReady always fails for failed future constructed by Future.fromTry/failed in 2.12",
        "url" : "https://github.com/scalatest/scalatest/issues/1025"
      },
      {
        "number" : 1013,
        "title" : "Making Assertions.assertionsHelper a @transient lazy val to bypass ava.io.NotSerializableException: org.scalatest.Assertions$AssertionsHelper",
        "url" : "https://github.com/scalatest/scalatest/issues/1013"
      },
      {
        "number" : 1012,
        "title" : "GeneratorDrivenPropertyChecks fails with \"Found interface org.scalacheck.Test$Parameters, but class was expected\"",
        "url" : "https://github.com/scalatest/scalatest/issues/1012"
      },
      {
        "number" : 1011,
        "title" : "Cross-publish 2.2.6 for Scala 2.12",
        "url" : "https://github.com/scalatest/scalatest/issues/1011"
      },
      {
        "number" : 1007,
        "title" : "v3.0.0 Scalatest-dispatcher OutOfMemoryError running from Jenkins with +100k tests",
        "url" : "https://github.com/scalatest/scalatest/issues/1007"
      },
      {
        "number" : 999,
        "title" : "Support `otherwise` after `whenever` clause",
        "url" : "https://github.com/scalatest/scalatest/issues/999"
      },
      {
        "number" : 998,
        "title" : "Running tests with JUnitRunner and maven-surefire-plugin instantiates tests twice",
        "url" : "https://github.com/scalatest/scalatest/issues/998"
      },
      {
        "number" : 996,
        "title" : "forAll in forAll throws GeneratorDrivenPropertyCheckFailedException",
        "url" : "https://github.com/scalatest/scalatest/issues/996"
      },
      {
        "number" : 994,
        "title" : "Discuss using `Await.result` in `ScalaFutures.futureResult`",
        "url" : "https://github.com/scalatest/scalatest/issues/994"
      },
      {
        "number" : 991,
        "title" : "when AsyncTestSuite is used it reports Empty test suite",
        "url" : "https://github.com/scalatest/scalatest/issues/991"
      },
      {
        "number" : 987,
        "title" : "What is the optimal Scalatest 3 style for fastest compilation and works acceptably in Intellij?",
        "url" : "https://github.com/scalatest/scalatest/issues/987"
      },
      {
        "number" : 986,
        "title" : "Runner tags to include (-n)/exclude (-l) not working for Scalatest version 3.0.0",
        "url" : "https://github.com/scalatest/scalatest/issues/986"
      },
      {
        "number" : 985,
        "title" : "AsyncTimeLimitedTests sometimes throw a Timer exception",
        "url" : "https://github.com/scalatest/scalatest/issues/985"
      },
      {
        "number" : 981,
        "title" : "Time limited tests: incorrect use of threads",
        "url" : "https://github.com/scalatest/scalatest/issues/981"
      },
      {
        "number" : 978,
        "title" : "SBT runner not reporting full test output in 3.0.0",
        "url" : "https://github.com/scalatest/scalatest/issues/978"
      },
      {
        "number" : 977,
        "title" : "ScalaTest 3 documentation shouldn't recommend ScalaMock currently",
        "url" : "https://github.com/scalatest/scalatest/issues/977"
      },
      {
        "number" : 976,
        "title" : "TableDrivenPropertyChecks with atLeastOnce() results in failure",
        "url" : "https://github.com/scalatest/scalatest/issues/976"
      },
      {
        "number" : 974,
        "title" : "Make it possible to get reproducible binaries when using org.scalactic.source.Position.filePathname",
        "url" : "https://github.com/scalatest/scalatest/issues/974"
      },
      {
        "number" : 973,
        "title" : "Matcher for checking type inference",
        "url" : "https://github.com/scalatest/scalatest/issues/973"
      },
      {
        "number" : 971,
        "title" : "assertion clues should be received \"by name\"",
        "url" : "https://github.com/scalatest/scalatest/issues/971"
      },
      {
        "number" : 970,
        "title" : "Wrong test suite result when 'TestFailedException was thrown during property evaluation' thrown",
        "url" : "https://github.com/scalatest/scalatest/issues/970"
      },
      {
        "number" : 969,
        "title" : "Doesn't print the test data distribution when collector and/or classify are used",
        "url" : "https://github.com/scalatest/scalatest/issues/969"
      },
      {
        "number" : 965,
        "title" : "ScalaJS: OneInstancePerTest, RandomTestOrder (and some other traits) fail to compile",
        "url" : "https://github.com/scalatest/scalatest/issues/965"
      },
      {
        "number" : 961,
        "title" : "Code using `Predef.<:<` produces warnings",
        "url" : "https://github.com/scalatest/scalatest/issues/961"
      },
      {
        "number" : 959,
        "title" : "create new suite and run dynamic",
        "url" : "https://github.com/scalatest/scalatest/issues/959"
      },
      {
        "number" : 958,
        "title" : "Scalactic Quick Start doc links go to ScalaTest",
        "url" : "https://github.com/scalatest/scalatest/issues/958"
      },
      {
        "number" : 957,
        "title" : "Can't use SerialExecutionContext in before/after or constructor",
        "url" : "https://github.com/scalatest/scalatest/issues/957"
      },
      {
        "number" : 955,
        "title" : "No Reports for Nested Suites",
        "url" : "https://github.com/scalatest/scalatest/issues/955"
      },
      {
        "number" : 950,
        "title" : "Maintenance 2.2.6 releases for 2.12.x",
        "url" : "https://github.com/scalatest/scalatest/issues/950"
      },
      {
        "number" : 949,
        "title" : "Add a proper `withFilter` method for `Or` to enable tuple unpacking",
        "url" : "https://github.com/scalatest/scalatest/issues/949"
      },
      {
        "number" : 948,
        "title" : "ScalaTest XML reports fail xUnit XSD validation",
        "url" : "https://github.com/scalatest/scalatest/issues/948"
      },
      {
        "number" : 947,
        "title" : "Test execution stuck on `assert`",
        "url" : "https://github.com/scalatest/scalatest/issues/947"
      },
      {
        "number" : 946,
        "title" : "\"No main class detected\"",
        "url" : "https://github.com/scalatest/scalatest/issues/946"
      },
      {
        "number" : 941,
        "title" : "EasyMock",
        "url" : "https://github.com/scalatest/scalatest/issues/941"
      },
      {
        "number" : 940,
        "title" : "losing unreportedException",
        "url" : "https://github.com/scalatest/scalatest/issues/940"
      },
      {
        "number" : 935,
        "title" : "Last example on ScalaTest web example doesn't work",
        "url" : "https://github.com/scalatest/scalatest/issues/935"
      },
      {
        "number" : 934,
        "title" : "Error using your examples from Scalatest.org",
        "url" : "https://github.com/scalatest/scalatest/issues/934"
      },
      {
        "number" : 932,
        "title" : "Images in scalatest.jar",
        "url" : "https://github.com/scalatest/scalatest/issues/932"
      },
      {
        "number" : 931,
        "title" : "@WrapWith",
        "url" : "https://github.com/scalatest/scalatest/issues/931"
      },
      {
        "number" : 930,
        "title" : "add system-out field to junit  xml  report",
        "url" : "https://github.com/scalatest/scalatest/issues/930"
      },
      {
        "number" : 929,
        "title" : "Move {Diagrammed}Assertions to Scalactic",
        "url" : "https://github.com/scalatest/scalatest/issues/929"
      },
      {
        "number" : 925,
        "title" : "Scala 2.12.0-M5 build for 2.2.x?",
        "url" : "https://github.com/scalatest/scalatest/issues/925"
      },
      {
        "number" : 920,
        "title" : "toString missing for some MatcherFactory combinators",
        "url" : "https://github.com/scalatest/scalatest/issues/920"
      },
      {
        "number" : 916,
        "title" : "Summaries not printed when using Suites and @DoNotDiscover",
        "url" : "https://github.com/scalatest/scalatest/issues/916"
      },
      {
        "number" : 911,
        "title" : "Pure Scala.js project: Missing org.scalatest.tools.Runner",
        "url" : "https://github.com/scalatest/scalatest/issues/911"
      },
      {
        "number" : 900,
        "title" : "ScalaDoc of WordSpec refers to FunSpec",
        "url" : "https://github.com/scalatest/scalatest/issues/900"
      },
      {
        "number" : 898,
        "title" : "sbt test / ParallelTestExecution ",
        "url" : "https://github.com/scalatest/scalatest/issues/898"
      },
      {
        "number" : 886,
        "title" : "Add another withGood example using a function to the Or examples",
        "url" : "https://github.com/scalatest/scalatest/issues/886"
      },
      {
        "number" : 883,
        "title" : "Generalizing Ordering for BeWord",
        "url" : "https://github.com/scalatest/scalatest/issues/883"
      },
      {
        "number" : 879,
        "title" : "Bound message length in prettifier",
        "url" : "https://github.com/scalatest/scalatest/issues/879"
      },
      {
        "number" : 878,
        "title" : "ScalaTest for ScalaJS should be distributed with full sources",
        "url" : "https://github.com/scalatest/scalatest/issues/878"
      },
      {
        "number" : 873,
        "title" : "IllegalArgumentException thrown when executing tests in sbt",
        "url" : "https://github.com/scalatest/scalatest/issues/873"
      },
      {
        "number" : 869,
        "title" : "ScalaTest fails to fail when running in scala-js-env-selenium",
        "url" : "https://github.com/scalatest/scalatest/issues/869"
      },
      {
        "number" : 866,
        "title" : "ability to run serverside code from scalatest scalajs",
        "url" : "https://github.com/scalatest/scalatest/issues/866"
      },
      {
        "number" : 863,
        "title" : "JUnitXmlReporter crashes when SkipException is thrown from TestNGSuite",
        "url" : "https://github.com/scalatest/scalatest/issues/863"
      },
      {
        "number" : 858,
        "title" : "TestNG default reporters should be disabled when TestNGSuite is run using scalatest-sbt",
        "url" : "https://github.com/scalatest/scalatest/issues/858"
      },
      {
        "number" : 855,
        "title" : "Test compilation fails when attempting to use \"assertDoesNotCompile\"",
        "url" : "https://github.com/scalatest/scalatest/issues/855"
      },
      {
        "number" : 848,
        "title" : "I can't exclude tags programatically",
        "url" : "https://github.com/scalatest/scalatest/issues/848"
      },
      {
        "number" : 846,
        "title" : "\"should not be an\" syntax broken",
        "url" : "https://github.com/scalatest/scalatest/issues/846"
      },
      {
        "number" : 841,
        "title" : "Extend property check configuration with ability to set RNG instance",
        "url" : "https://github.com/scalatest/scalatest/issues/841"
      },
      {
        "number" : 840,
        "title" : "Ability to tag a test when running JUnitSuite",
        "url" : "https://github.com/scalatest/scalatest/issues/840"
      },
      {
        "number" : 839,
        "title" : "Space in project path on Mac OS X causes test discovery to fail",
        "url" : "https://github.com/scalatest/scalatest/issues/839"
      },
      {
        "number" : 832,
        "title" : "Argument unrecognized by ScalaTest's Runner",
        "url" : "https://github.com/scalatest/scalatest/issues/832"
      },
      {
        "number" : 831,
        "title" : "Wrong number of tests",
        "url" : "https://github.com/scalatest/scalatest/issues/831"
      },
      {
        "number" : 830,
        "title" : "Wrong formatting of Spec-like tests",
        "url" : "https://github.com/scalatest/scalatest/issues/830"
      },
      {
        "number" : 796,
        "title" : "Summaries not printed when running under SBT",
        "url" : "https://github.com/scalatest/scalatest/issues/796"
      },
      {
        "number" : 788,
        "title" : "Some sources are not exported to -source.jar",
        "url" : "https://github.com/scalatest/scalatest/issues/788"
      },
      {
        "number" : 786,
        "title" : "Or should probably extend Product with Serializable",
        "url" : "https://github.com/scalatest/scalatest/issues/786"
      },
      {
        "number" : 784,
        "title" : "Flaky tests using whenReady",
        "url" : "https://github.com/scalatest/scalatest/issues/784"
      },
      {
        "number" : 780,
        "title" : "Failed tests are reported as (It is not a test)",
        "url" : "https://github.com/scalatest/scalatest/issues/780"
      },
      {
        "number" : 777,
        "title" : "Publishing for scala 2.12 milestones.",
        "url" : "https://github.com/scalatest/scalatest/issues/777"
      },
      {
        "number" : 776,
        "title" : "Open Test Alliance",
        "url" : "https://github.com/scalatest/scalatest/issues/776"
      },
      {
        "number" : 770,
        "title" : "java.io.EOFException when running tests",
        "url" : "https://github.com/scalatest/scalatest/issues/770"
      },
      {
        "number" : 759,
        "title" : "neither test suit name or behavior can start or end with a space",
        "url" : "https://github.com/scalatest/scalatest/issues/759"
      },
      {
        "number" : 747,
        "title" : "Use case for the NoArgTest object",
        "url" : "https://github.com/scalatest/scalatest/issues/747"
      },
      {
        "number" : 743,
        "title" : "Running test in intellij crossproject scala.js 0.6.5 scalatest 3.0.0-M9 fails with java.lang.IllegalArgumentException: Argument not supported by ScalaTest-js: -C",
        "url" : "https://github.com/scalatest/scalatest/issues/743"
      },
      {
        "number" : 738,
        "title" : "Documentation error for 'be' matcher",
        "url" : "https://github.com/scalatest/scalatest/issues/738"
      },
      {
        "number" : 724,
        "title" : "Assert clue is not lazily evaluated",
        "url" : "https://github.com/scalatest/scalatest/issues/724"
      },
      {
        "number" : 716,
        "title" : "Scalactic sources.jar has no sources",
        "url" : "https://github.com/scalatest/scalatest/issues/716"
      },
      {
        "number" : 706,
        "title" : "ParallelTestExecution with Sorted output and Tags sometimes skips tests",
        "url" : "https://github.com/scalatest/scalatest/issues/706"
      },
      {
        "number" : 696,
        "title" : "Equality and theSameElementsAs - Unexpected behaviour when mixing types",
        "url" : "https://github.com/scalatest/scalatest/issues/696"
      },
      {
        "number" : 679,
        "title" : "documentation: No tests found when using JUnitSuite",
        "url" : "https://github.com/scalatest/scalatest/issues/679"
      },
      {
        "number" : 666,
        "title" : "Can Selenium/HTMLUnit test code be compiled to Scala.JS, itself?",
        "url" : "https://github.com/scalatest/scalatest/issues/666"
      },
      {
        "number" : 665,
        "title" : "Can web pages be represented as a String or local file when using the Selenium/HTMLUnit web tests DSL?",
        "url" : "https://github.com/scalatest/scalatest/issues/665"
      },
      {
        "number" : 664,
        "title" : "Scalactic TripleEquals vs Matchers issue",
        "url" : "https://github.com/scalatest/scalatest/issues/664"
      },
      {
        "number" : 661,
        "title" : "GeneratorDrivenPropertyCheck failing on Scala-js 2.10 in 3.0.0-M7",
        "url" : "https://github.com/scalatest/scalatest/issues/661"
      },
      {
        "number" : 658,
        "title" : "documentation: navigation is incomplete",
        "url" : "https://github.com/scalatest/scalatest/issues/658"
      },
      {
        "number" : 648,
        "title" : "Feature request: equivalent to scalaz's `sequenceU` for Scalactic Or",
        "url" : "https://github.com/scalatest/scalatest/issues/648"
      },
      {
        "number" : 645,
        "title" : "PrivateMethodTester doesn't find methods in superclass",
        "url" : "https://github.com/scalatest/scalatest/issues/645"
      },
      {
        "number" : 635,
        "title" : "java.lang.NoClassDefFoundError: org/scalactic/exceptions/NullArgumentException",
        "url" : "https://github.com/scalatest/scalatest/issues/635"
      },
      {
        "number" : 619,
        "title" : "scalatest-all_sjs0.6_2.11%3.0.0-M1 breaks other scalajs test frameworks in scalajs mode",
        "url" : "https://github.com/scalatest/scalatest/issues/619"
      },
      {
        "number" : 615,
        "title" : "DiagrammedAssertions can't handle Java static fields",
        "url" : "https://github.com/scalatest/scalatest/issues/615"
      },
      {
        "number" : 613,
        "title" : "BeforeAndAfterAll not behaving correctly with a Distributor and nested Suites",
        "url" : "https://github.com/scalatest/scalatest/issues/613"
      },
      {
        "number" : 610,
        "title" : "maxDiscarded doesn't seem to work with GeneratorDriverPropertyChecks",
        "url" : "https://github.com/scalatest/scalatest/issues/610"
      },
      {
        "number" : 603,
        "title" : "scalatest 2.2.4 - Or missing zip",
        "url" : "https://github.com/scalatest/scalatest/issues/603"
      },
      {
        "number" : 599,
        "title" : "Setting the Runner runpath seems mandatory despite what the documentation says",
        "url" : "https://github.com/scalatest/scalatest/issues/599"
      },
      {
        "number" : 584,
        "title" : "Add support for not shrinking values in GeneratorDrivenPropertyChecks",
        "url" : "https://github.com/scalatest/scalatest/issues/584"
      },
      {
        "number" : 567,
        "title" : "Travis CI job false negatives",
        "url" : "https://github.com/scalatest/scalatest/issues/567"
      },
      {
        "number" : 556,
        "title" : "\"Reporter completed abruptly with exception after receiving event\"",
        "url" : "https://github.com/scalatest/scalatest/issues/556"
      },
      {
        "number" : 550,
        "title" : "Should \"Using ScalaTest with sbt\" (and possibly others) link to \"Using the Runner\"?",
        "url" : "https://github.com/scalatest/scalatest/issues/550"
      },
      {
        "number" : 548,
        "title" : "'assert' helper message produces too long (useless) output by printing container contents",
        "url" : "https://github.com/scalatest/scalatest/issues/548"
      },
      {
        "number" : 547,
        "title" : "Can't use -z with test name starting with `exclude`",
        "url" : "https://github.com/scalatest/scalatest/issues/547"
      },
      {
        "number" : 517,
        "title" : "Support for fluid element search with selenium",
        "url" : "https://github.com/scalatest/scalatest/issues/517"
      },
      {
        "number" : 492,
        "title" : "`should contain only` is broken",
        "url" : "https://github.com/scalatest/scalatest/issues/492"
      },
      {
        "number" : 491,
        "title" : "Matchers fail to understand Array equality for Arrays wrapped inside a container/collection",
        "url" : "https://github.com/scalatest/scalatest/issues/491"
      },
      {
        "number" : 484,
        "title" : "Missing Constraint: Import-Package: org.apache.tools.ant; version=\"0.0.0",
        "url" : "https://github.com/scalatest/scalatest/issues/484"
      },
      {
        "number" : 472,
        "title" : "EasyMockSugar, whenExecuting MockObjects form should accept a function that returns Any",
        "url" : "https://github.com/scalatest/scalatest/issues/472"
      },
      {
        "number" : 471,
        "title" : "Matching a collection against a list of matchers, not values",
        "url" : "https://github.com/scalatest/scalatest/issues/471"
      },
      {
        "number" : 466,
        "title" : "scalatest maven plugin doesn't honour maven.test.skip",
        "url" : "https://github.com/scalatest/scalatest/issues/466"
      },
      {
        "number" : 463,
        "title" : "JUnitRunner: JVM not terminated when a tests throws a LinkageError",
        "url" : "https://github.com/scalatest/scalatest/issues/463"
      },
      {
        "number" : 461,
        "title" : "StreamlinedXml reports false positive with XML entities",
        "url" : "https://github.com/scalatest/scalatest/issues/461"
      },
      {
        "number" : 456,
        "title" : " External testing libraries dependencies in bundle configuration",
        "url" : "https://github.com/scalatest/scalatest/issues/456"
      },
      {
        "number" : 453,
        "title" : "Bad link on Download page: javadoc/scaladoc",
        "url" : "https://github.com/scalatest/scalatest/issues/453"
      },
      {
        "number" : 444,
        "title" : "should not show warnings when type constructor is an Array",
        "url" : "https://github.com/scalatest/scalatest/issues/444"
      },
      {
        "number" : 438,
        "title" : "Detailed reporting on case class inequality",
        "url" : "https://github.com/scalatest/scalatest/issues/438"
      },
      {
        "number" : 427,
        "title" : "NotSerializableException causes stack traces in forked sbt test",
        "url" : "https://github.com/scalatest/scalatest/issues/427"
      },
      {
        "number" : 417,
        "title" : "Support manually running suites annotated with @DoNotDiscover in SBT",
        "url" : "https://github.com/scalatest/scalatest/issues/417"
      },
      {
        "number" : 404,
        "title" : "Arquillian Runner",
        "url" : "https://github.com/scalatest/scalatest/issues/404"
      },
      {
        "number" : 372,
        "title" : "Improve org.scalatest.selenium.WebBrowser#createTypedElement implementation",
        "url" : "https://github.com/scalatest/scalatest/issues/372"
      },
      {
        "number" : 352,
        "title" : "Type checking for upper type bounds",
        "url" : "https://github.com/scalatest/scalatest/issues/352"
      },
      {
        "number" : 351,
        "title" : "Scaladoc examples for `NoArg`",
        "url" : "https://github.com/scalatest/scalatest/issues/351"
      },
      {
        "number" : 349,
        "title" : "greater than / smaller than does not compile with Long type",
        "url" : "https://github.com/scalatest/scalatest/issues/349"
      },
      {
        "number" : 204,
        "title" : "assert with clue macro expansion compiler error",
        "url" : "https://github.com/scalatest/scalatest/issues/204"
      },
      {
        "number" : 178,
        "title" : "TableDrivenPropertyCheck reports only the first failure",
        "url" : "https://github.com/scalatest/scalatest/issues/178"
      },
      {
        "number" : 97,
        "title" : "feature: inside sbt, allow ctrl-C to interrupt tests without killing the JVM",
        "url" : "https://github.com/scalatest/scalatest/issues/97"
      }
    ]
  },
  "settings" : {
    "defaultStableVersion" : true,
    "defaultArtifact" : "scalatest",
    "strictVersions" : true,
    "customScalaDoc" : null,
    "documentationLinks" : [
    ],
    "deprecated" : false,
    "contributorsWanted" : false,
    "artifactDeprecations" : [
    ],
    "cliArtifacts" : [
    ],
    "category" : "testing",
    "beginnerIssuesLabel" : null
  }
}